desc: I1 cache:         32768 B, 64 B, 8-way associative
desc: D1 cache:         32768 B, 64 B, 8-way associative
desc: LL cache:         3145728 B, 64 B, 12-way associative
cmd: bin/SudokuSolver_c boards/sudoku35/795
events: Ir I1mr ILmr Dr D1mr DLmr Dw D1mw DLmw Bc Bcm Bi Bim
fl=/build/gcc/src/gcc-build/gcc/include/cpuid.h
fn=__cpu_indicator_init@GCC_4.8.0
230 4 1 1 0 0 0 0 0 0 0 0 0 0
251 4 0 0 0 0 0 0 0 0 2 1 0 0
254 7 0 0 0 0 0 0 0 0 0 0 0 0
fl=/build/gcc/src/gcc-build/x86_64-pc-linux-gnu/libstdc++-v3/include/bits/allocator.h
fn=std::allocator<char>::allocator()
131 2 1 1 2 0 0 0 0 0 0 0 0 0
fn=std::allocator<char>::~allocator()
139 2 1 1 2 0 0 0 0 0 0 0 0 0
fl=/build/gcc/src/gcc-build/x86_64-pc-linux-gnu/libstdc++-v3/include/bits/basic_ios.h
fn=std::ios_base::Init::Init()
310 4 1 1 0 0 0 4 0 0 0 0 0 0
462 80 9 9 8 2 0 64 5 3 0 0 0 0
fn=std::ostream& std::ostream::_M_insert<long>(long)
49 4 1 1 0 0 0 0 0 0 2 0 0 0
372 3 0 0 2 0 0 0 0 0 1 0 0 0
374 2 0 0 1 0 0 1 0 0 0 0 0 0
375 4 0 0 1 0 0 1 0 0 0 0 0 0
450 1 1 1 1 0 0 0 0 0 0 0 0 0
fl=/build/gcc/src/gcc-build/x86_64-pc-linux-gnu/libstdc++-v3/include/bits/basic_ios.tcc
fn=std::basic_ios<char, std::char_traits<char> >::_M_cache_locale(std::locale const&)
157 20 1 1 0 0 0 8 0 0 0 0 0 0
159 16 0 0 0 0 0 4 0 0 4 0 0 0
160 12 0 0 0 0 0 8 0 0 0 0 0 0
164 16 1 1 0 0 0 4 0 0 4 0 0 0
165 12 0 0 0 0 0 8 0 0 0 0 0 0
169 16 0 0 0 0 0 4 0 0 4 0 0 0
170 12 0 0 0 0 0 8 0 0 0 0 0 0
173 16 1 1 12 0 0 0 0 0 0 0 0 0
fn=std::basic_ios<char, std::char_traits<char> >::init(std::basic_streambuf<char, std::char_traits<char> >*)
126 20 1 1 0 0 0 8 0 0 0 0 0 0
129 4 0 0 0 0 0 4 0 0 0 0 0 0
132 12 0 0 0 0 0 4 0 0 0 0 0 0
146 4 0 0 0 0 0 4 0 0 0 0 0 0
147 4 0 0 0 0 0 4 0 0 0 0 0 0
149 4 1 1 0 0 0 4 0 0 0 0 0 0
150 4 0 0 0 0 0 4 0 0 0 0 0 0
151 4 0 0 0 0 0 4 0 0 0 0 0 0
152 16 0 0 0 0 0 4 0 0 0 0 0 0
153 16 0 0 12 0 0 0 0 0 0 0 0 0
fn=std::basic_ios<wchar_t, std::char_traits<wchar_t> >::_M_cache_locale(std::locale const&)
157 20 1 1 0 0 0 8 0 0 0 0 0 0
159 16 0 0 0 0 0 4 0 0 4 0 0 0
160 12 0 0 0 0 0 8 0 0 0 0 0 0
164 16 0 0 0 0 0 4 0 0 4 0 0 0
165 12 1 1 0 0 0 8 0 0 0 0 0 0
169 16 0 0 0 0 0 4 0 0 4 0 0 0
170 12 0 0 0 0 0 8 0 0 0 0 0 0
173 16 0 0 12 0 0 0 0 0 0 0 0 0
fn=std::basic_ios<wchar_t, std::char_traits<wchar_t> >::init(std::basic_streambuf<wchar_t, std::char_traits<wchar_t> >*)
126 20 1 1 0 0 0 8 0 0 0 0 0 0
129 4 1 1 0 0 0 4 0 0 0 0 0 0
132 12 0 0 0 0 0 4 0 0 0 0 0 0
146 4 0 0 0 0 0 4 0 0 0 0 0 0
147 4 0 0 0 0 0 4 0 0 0 0 0 0
149 4 0 0 0 0 0 4 0 0 0 0 0 0
150 4 1 1 0 0 0 4 0 0 0 0 0 0
151 4 0 0 0 0 0 4 0 0 0 0 0 0
152 16 0 0 0 0 0 4 0 0 0 0 0 0
153 16 0 0 12 0 0 0 0 0 0 0 0 0
fl=/build/gcc/src/gcc-build/x86_64-pc-linux-gnu/libstdc++-v3/include/bits/basic_string.h
fn=std::__cxx11::basic_string<char, std::char_traits<char>, std::allocator<char> >::basic_string(char const*, std::allocator<char> const&)
166 4 0 0 0 0 0 2 0 0 0 0 0 0
220 8 0 0 0 0 0 4 0 0 0 0 0 0
493 8 1 1 0 0 0 2 0 0 0 0 0 0
495 14 1 1 6 0 0 0 0 0 2 0 0 0
fn=std::__cxx11::basic_string<char, std::char_traits<char>, std::allocator<char> >::basic_string(std::__cxx11::basic_string<char, std::char_traits<char>, std::allocator<char> > const&)
160 1 0 0 1 0 0 0 0 0 0 0 0 0
166 2 1 1 0 0 0 1 0 0 0 0 0 0
220 3 0 0 0 0 0 2 0 0 0 0 0 0
421 1 0 0 0 0 0 0 0 0 0 0 0 0
424 4 0 0 2 0 0 0 0 0 0 0 0 0
fn=std::__cxx11::basic_string<char, std::char_traits<char>, std::allocator<char> >::~basic_string()
160 3 1 1 3 0 0 0 0 0 0 0 0 0
176 3 0 0 0 0 0 0 0 0 0 0 0 0
204 6 0 0 0 0 0 0 0 0 3 1 0 0
620 1 0 0 1 0 0 0 0 0 0 0 0 0
fn=void std::__cxx11::basic_string<char, std::char_traits<char>, std::allocator<char> >::_M_construct<char const*>(char const*, char const*, std::forward_iterator_tag)
152 1 0 0 0 0 0 1 0 0 0 0 0 0
156 2 0 0 0 0 0 2 0 0 0 0 0 0
160 2 0 0 1 0 0 0 0 0 0 0 0 0
184 2 0 0 1 0 0 1 0 0 0 0 0 0
321 2 0 0 0 0 0 0 0 0 1 0 0 0
fn=void std::__cxx11::basic_string<char, std::char_traits<char>, std::allocator<char> >::_M_construct<char*>(char*, char*, std::forward_iterator_tag)
152 1 0 0 0 0 0 1 0 0 0 0 0 0
156 1 0 0 0 0 0 1 0 0 0 0 0 0
184 2 0 0 1 0 0 1 0 0 0 0 0 0
fl=/build/gcc/src/gcc-build/x86_64-pc-linux-gnu/libstdc++-v3/include/bits/basic_string.tcc
fn=std::__cxx11::basic_string<char, std::char_traits<char>, std::allocator<char> >::_M_create(unsigned long&, unsigned long)
137 6 1 1 2 0 0 0 0 0 2 1 0 0
143 10 0 0 0 0 0 0 0 0 4 2 0 0
fn=void std::__cxx11::basic_string<char, std::char_traits<char>, std::allocator<char> >::_M_construct<char const*>(char const*, char const*, std::forward_iterator_tag)
206 18 1 1 2 0 0 8 0 0 0 0 0 0
211 4 0 0 0 0 0 0 0 0 2 2 0 0
215 2 0 0 0 0 0 2 0 0 0 0 0 0
217 4 0 0 0 0 0 0 0 0 2 1 0 0
219 4 1 1 0 0 0 1 0 0 0 0 0 0
232 2 1 1 2 0 0 0 0 0 0 0 0 0
233 16 0 0 12 0 0 0 0 0 2 0 0 0
fn=void std::__cxx11::basic_string<char, std::char_traits<char>, std::allocator<char> >::_M_construct<char*>(char*, char*, std::forward_iterator_tag)
206 9 1 1 1 0 0 4 0 0 0 0 0 0
211 2 0 0 0 0 0 0 0 0 1 1 0 0
215 1 0 0 0 0 0 1 0 0 0 0 0 0
217 2 0 0 0 0 0 0 0 0 1 1 0 0
219 4 1 1 0 0 0 1 0 0 0 0 0 0
232 1 1 1 1 0 0 0 0 0 0 0 0 0
233 8 0 0 6 0 0 0 0 0 1 0 0 0
fl=/build/gcc/src/gcc-build/x86_64-pc-linux-gnu/libstdc++-v3/include/bits/char_traits.h
fn=std::__cxx11::basic_string<char, std::char_traits<char>, std::allocator<char> >::basic_string(char const*, std::allocator<char> const&)
269 6 0 0 0 0 0 4 0 0 0 0 0 0
fn=std::basic_ostream<char, std::char_traits<char> >& std::operator<< <std::char_traits<char> >(std::basic_ostream<char, std::char_traits<char> >&, char const*)
269 4 0 0 0 0 0 2 0 0 0 0 0 0
fn=void std::__cxx11::basic_string<char, std::char_traits<char>, std::allocator<char> >::_M_construct<char const*>(char const*, char const*, std::forward_iterator_tag)
245 2 0 0 0 0 0 2 0 0 0 0 0 0
290 2 0 0 0 0 0 0 0 0 1 1 0 0
292 12 0 0 2 0 0 2 0 0 0 0 0 0
fn=void std::__cxx11::basic_string<char, std::char_traits<char>, std::allocator<char> >::_M_construct<char*>(char*, char*, std::forward_iterator_tag)
245 1 0 0 0 0 0 1 0 0 0 0 0 0
292 6 0 0 1 0 0 1 0 0 0 0 0 0
fl=/build/gcc/src/gcc-build/x86_64-pc-linux-gnu/libstdc++-v3/include/bits/codecvt.h
fn=std::locale::_Impl::_Impl(unsigned long)
482 3 0 0 1 1 0 1 0 0 0 0 0 0
539 3 1 1 1 1 0 1 0 0 0 0 0 0
fl=/build/gcc/src/gcc-build/x86_64-pc-linux-gnu/libstdc++-v3/include/bits/ios_base.h
fn=std::basic_ostream<char, std::char_traits<char> >& std::__ostream_insert<char, std::char_traits<char> >(std::basic_ostream<char, std::char_traits<char> >&, char const*, long)
724 2 1 1 0 0 0 2 0 0 0 0 0 0
fn=std::ios_base::Init::Init()
100 2 0 0 2 0 0 0 0 0 0 0 0 0
fn=std::ios_base::ios_base()
571 224 1 1 0 0 0 144 20 18 0 0 0 0
fn=std::ostreambuf_iterator<char, std::char_traits<char> > std::num_put<char, std::ostreambuf_iterator<char, std::char_traits<char> > >::_M_insert_int<long>(std::ostreambuf_iterator<char, std::char_traits<char> >, std::ios_base&, char, long) const
84 3 0 0 0 0 0 1 0 0 0 0 0 0
724 2 1 1 0 0 0 1 0 0 0 0 0 0
775 1 0 0 0 0 0 0 0 0 0 0 0 0
fl=/build/gcc/src/gcc-build/x86_64-pc-linux-gnu/libstdc++-v3/include/bits/locale_classes.h
fn=_GLOBAL__sub_I_cxx11_locale_inst.cc
793 4 0 0 2 1 0 1 0 0 1 0 0 0
fn=_GLOBAL__sub_I_cxx11_wlocale_inst.cc
793 4 0 0 2 1 0 1 0 0 1 0 0 0
fn=_GLOBAL__sub_I_locale_inst.cc
793 4 0 0 2 1 0 1 0 0 1 0 0 0
fn=_GLOBAL__sub_I_wlocale_inst.cc
793 4 0 0 2 1 0 1 0 0 1 0 0 0
fn=std::__cxx11::messages<char>::messages(unsigned long)
403 4 0 0 0 0 0 1 1 1 0 0 0 0
fn=std::__cxx11::messages<wchar_t>::messages(unsigned long)
403 4 0 0 0 0 0 1 0 0 0 0 0 0
fn=std::__timepunct<char>::__timepunct(std::__timepunct_cache<char>*, unsigned long)
403 4 0 0 0 0 0 1 0 0 0 0 0 0
fn=std::__timepunct<wchar_t>::__timepunct(std::__timepunct_cache<wchar_t>*, unsigned long)
403 4 0 0 0 0 0 1 0 0 0 0 0 0
fn=std::codecvt<char, char, __mbstate_t>::codecvt(unsigned long)
403 4 0 0 0 0 0 1 1 1 0 0 0 0
fn=std::codecvt<wchar_t, char, __mbstate_t>::codecvt(unsigned long)
403 4 1 1 0 0 0 1 1 1 0 0 0 0
fn=std::ctype<char>::ctype(unsigned short const*, bool, unsigned long)
403 4 1 1 0 0 0 1 1 1 0 0 0 0
fn=std::ctype<wchar_t>::ctype(unsigned long)
403 4 0 0 0 0 0 1 1 1 0 0 0 0
fn=std::locale::_Impl::_Impl(unsigned long)
403 35 4 4 0 0 0 30 11 11 0 0 0 0
611 120 11 11 30 12 0 30 0 0 0 0 0 0
670 10 1 1 2 1 0 6 0 0 0 0 0 0
fn=std::locale::_Impl::_M_init_extra(std::locale::facet**)
403 8 2 2 0 0 0 8 4 4 0 0 0 0
618 115 9 9 48 1 0 49 0 0 0 0 0 0
670 10 1 1 2 1 0 6 0 0 0 0 0 0
fn=std::locale::operator=(std::locale const&)
564 16 1 1 0 0 0 0 0 0 8 0 0 0
fn=std::locale::~locale()
564 16 0 0 0 0 0 0 0 0 8 3 0 0
fn=std::messages<char>::messages(unsigned long)
403 4 1 1 0 0 0 1 1 1 0 0 0 0
fn=std::messages<wchar_t>::messages(unsigned long)
403 4 0 0 0 0 0 1 0 0 0 0 0 0
fl=/build/gcc/src/gcc-build/x86_64-pc-linux-gnu/libstdc++-v3/include/bits/locale_classes.tcc
fn=bool std::has_facet<std::ctype<char> >(std::locale const&)
104 8 1 1 0 0 0 4 0 0 0 0 0 0
106 12 0 0 4 0 0 4 0 0 0 0 0 0
107 4 0 0 4 0 0 0 0 0 0 0 0 0
110 52 1 1 20 1 0 4 0 0 8 0 0 0
114 8 0 0 8 0 0 0 0 0 0 0 0 0
fn=bool std::has_facet<std::ctype<wchar_t> >(std::locale const&)
104 8 1 1 0 0 0 4 0 0 0 0 0 0
106 12 0 0 4 0 0 4 0 0 0 0 0 0
107 4 0 0 4 0 0 0 0 0 0 0 0 0
110 52 1 1 20 2 0 4 0 0 8 1 0 0
114 8 0 0 8 0 0 0 0 0 0 0 0 0
fn=bool std::has_facet<std::num_get<char, std::istreambuf_iterator<char, std::char_traits<char> > > >(std::locale const&)
104 8 0 0 0 0 0 4 0 0 0 0 0 0
106 12 0 0 4 1 0 4 0 0 0 0 0 0
107 4 1 1 4 0 0 0 0 0 0 0 0 0
110 52 0 0 20 0 0 4 0 0 8 0 0 0
114 8 0 0 8 0 0 0 0 0 0 0 0 0
fn=bool std::has_facet<std::num_get<wchar_t, std::istreambuf_iterator<wchar_t, std::char_traits<wchar_t> > > >(std::locale const&)
104 8 0 0 0 0 0 4 0 0 0 0 0 0
106 12 0 0 4 0 0 4 0 0 0 0 0 0
107 4 0 0 4 0 0 0 0 0 0 0 0 0
110 52 1 1 20 0 0 4 0 0 8 1 0 0
114 8 0 0 8 0 0 0 0 0 0 0 0 0
fn=bool std::has_facet<std::num_put<char, std::ostreambuf_iterator<char, std::char_traits<char> > > >(std::locale const&)
104 8 1 1 0 0 0 4 0 0 0 0 0 0
106 12 0 0 4 0 0 4 0 0 0 0 0 0
107 4 0 0 4 0 0 0 0 0 0 0 0 0
110 52 1 1 20 1 0 4 0 0 8 2 0 0
114 8 0 0 8 0 0 0 0 0 0 0 0 0
fn=bool std::has_facet<std::num_put<wchar_t, std::ostreambuf_iterator<wchar_t, std::char_traits<wchar_t> > > >(std::locale const&)
104 8 1 1 0 0 0 4 0 0 0 0 0 0
106 12 0 0 4 0 0 4 0 0 0 0 0 0
107 4 0 0 4 0 0 0 0 0 0 0 0 0
110 52 1 1 20 2 0 4 0 0 8 0 0 0
114 8 0 0 8 0 0 0 0 0 0 0 0 0
fn=std::ctype<char> const& std::use_facet<std::ctype<char> >(std::locale const&)
132 8 1 1 0 0 0 4 0 0 0 0 0 0
134 8 0 0 4 0 0 4 0 0 0 0 0 0
135 8 0 0 8 0 0 0 0 0 0 0 0 0
136 20 0 0 8 0 0 0 0 0 8 0 0 0
139 24 0 0 8 0 0 4 0 0 4 3 0 0
143 8 1 1 8 0 0 0 0 0 0 0 0 0
fn=std::ctype<wchar_t> const& std::use_facet<std::ctype<wchar_t> >(std::locale const&)
132 8 1 1 0 0 0 4 0 0 0 0 0 0
134 8 0 0 4 0 0 4 0 0 0 0 0 0
135 8 0 0 8 0 0 0 0 0 0 0 0 0
136 20 1 1 8 0 0 0 0 0 8 0 0 0
139 24 0 0 8 0 0 4 0 0 4 0 0 0
143 8 0 0 8 0 0 0 0 0 0 0 0 0
fn=std::num_get<char, std::istreambuf_iterator<char, std::char_traits<char> > > const& std::use_facet<std::num_get<char, std::istreambuf_iterator<char, std::char_traits<char> > > >(std::locale const&)
132 8 0 0 0 0 0 4 0 0 0 0 0 0
134 8 0 0 4 0 0 4 0 0 0 0 0 0
135 8 0 0 8 0 0 0 0 0 0 0 0 0
136 20 1 1 8 0 0 0 0 0 8 0 0 0
139 24 0 0 8 0 0 4 0 0 4 0 0 0
143 8 0 0 8 0 0 0 0 0 0 0 0 0
fn=std::num_get<wchar_t, std::istreambuf_iterator<wchar_t, std::char_traits<wchar_t> > > const& std::use_facet<std::num_get<wchar_t, std::istreambuf_iterator<wchar_t, std::char_traits<wchar_t> > > >(std::locale const&)
132 8 0 0 0 0 0 4 0 0 0 0 0 0
134 8 0 0 4 0 0 4 0 0 0 0 0 0
135 8 0 0 8 0 0 0 0 0 0 0 0 0
136 20 0 0 8 0 0 0 0 0 8 0 0 0
139 24 1 1 8 0 0 4 0 0 4 0 0 0
143 8 0 0 8 0 0 0 0 0 0 0 0 0
fn=std::num_put<char, std::ostreambuf_iterator<char, std::char_traits<char> > > const& std::use_facet<std::num_put<char, std::ostreambuf_iterator<char, std::char_traits<char> > > >(std::locale const&)
132 8 1 1 0 0 0 4 0 0 0 0 0 0
134 8 0 0 4 0 0 4 0 0 0 0 0 0
135 8 0 0 8 0 0 0 0 0 0 0 0 0
136 20 0 0 8 0 0 0 0 0 8 2 0 0
139 24 1 1 8 0 0 4 0 0 4 0 0 0
143 8 0 0 8 0 0 0 0 0 0 0 0 0
fn=std::num_put<wchar_t, std::ostreambuf_iterator<wchar_t, std::char_traits<wchar_t> > > const& std::use_facet<std::num_put<wchar_t, std::ostreambuf_iterator<wchar_t, std::char_traits<wchar_t> > > >(std::locale const&)
132 8 1 1 0 0 0 4 0 0 0 0 0 0
134 8 0 0 4 0 0 4 0 0 0 0 0 0
135 8 0 0 8 0 0 0 0 0 0 0 0 0
136 20 0 0 8 0 0 0 0 0 8 0 0 0
139 24 0 0 8 0 0 4 0 0 4 0 0 0
143 8 1 1 8 0 0 0 0 0 0 0 0 0
fl=/build/gcc/src/gcc-build/x86_64-pc-linux-gnu/libstdc++-v3/include/bits/locale_facets.h
fn=_GLOBAL__sub_I_cxx11_locale_inst.cc
1879 4 0 0 2 1 0 1 0 0 1 0 0 0
fn=_GLOBAL__sub_I_cxx11_wlocale_inst.cc
1879 4 0 0 2 1 0 1 0 0 1 0 0 0
fn=_GLOBAL__sub_I_locale_inst.cc
1879 4 0 0 2 2 1 1 0 0 1 0 0 0
2273 4 1 1 2 1 0 1 0 0 1 0 0 0
2553 4 0 0 2 1 0 1 0 0 1 0 0 0
fn=_GLOBAL__sub_I_wlocale_inst.cc
1879 4 0 0 2 2 1 1 0 0 1 0 0 0
2273 4 1 1 2 0 0 1 0 0 1 0 0 0
2553 4 0 0 2 0 0 1 0 0 1 0 0 0
fn=std::ctype<char>::_M_widen_init() const
1107 32 4 4 16 0 0 16 4 0 0 0 0 0
fn=std::locale::_Impl::_Impl(unsigned long)
1622 25 3 3 0 0 0 20 3 3 0 0 0 0
1705 8 2 2 2 1 0 4 1 1 0 0 0 0
1706 6 0 0 0 0 0 2 0 0 0 0 0 0
1969 6 0 0 2 1 0 2 0 0 0 0 0 0
2310 6 0 0 2 1 0 2 0 0 0 0 0 0
fn=std::locale::_Impl::_M_init_extra(std::locale::facet**)
1705 8 1 1 2 0 0 4 1 1 0 0 0 0
1706 6 0 0 0 0 0 2 0 0 0 0 0 0
fn=std::num_put<char, std::ostreambuf_iterator<char, std::char_traits<char> > >::do_put(std::ostreambuf_iterator<char, std::char_traits<char> >, std::ios_base&, char, long) const
2510 2 1 1 0 0 0 0 0 0 0 0 0 0
fn=std::ostream& std::ostream::_M_insert<long>(long)
874 2 0 0 1 1 0 0 0 0 1 1 0 0
876 2 1 1 0 0 0 1 0 0 0 0 0 0
877 6 0 0 3 0 0 0 0 0 1 1 0 0
2371 6 0 0 2 2 0 1 0 0 0 0 1 1
fl=/build/gcc/src/gcc-build/x86_64-pc-linux-gnu/libstdc++-v3/include/bits/locale_facets.tcc
fn=int std::__int_to_char<char, unsigned long>(char*, unsigned long, char const*, std::_Ios_Fmtflags, bool)
794 1 0 0 0 0 0 0 0 0 0 0 0 0
797 1 0 0 0 0 0 0 0 0 0 0 0 0
798 2 1 1 0 0 0 0 0 0 1 0 0 0
803 38 0 0 4 1 0 4 0 0 0 0 0 0
804 4 0 0 0 0 0 0 0 0 0 0 0 0
806 8 1 1 0 0 0 0 0 0 4 3 0 0
831 2 0 0 0 0 0 0 0 0 0 0 0 0
832 1 0 0 1 0 0 0 0 0 0 0 0 0
fn=std::__use_cache<std::__numpunct_cache<char> >::operator()(std::locale const&) const
53 6 1 1 0 0 0 4 0 0 0 0 0 0
55 3 0 0 1 0 0 1 0 0 0 0 0 0
56 1 0 0 1 1 0 0 0 0 0 0 0 0
57 5 0 0 2 2 0 0 0 0 1 1 0 0
73 6 0 0 5 0 0 0 0 0 0 0 0 0
fn=std::ostreambuf_iterator<char, std::char_traits<char> > std::num_put<char, std::ostreambuf_iterator<char, std::char_traits<char> > >::_M_insert_int<long>(std::ostreambuf_iterator<char, std::char_traits<char> >, std::ios_base&, char, long) const
850 17 1 1 1 0 0 9 0 0 0 0 0 0
859 4 1 1 1 0 0 1 0 0 0 0 0 0
860 1 0 0 0 0 0 0 0 0 0 0 0 0
865 4 0 0 0 0 0 0 0 0 0 0 0 0
871 3 0 0 0 0 0 0 0 0 0 0 0 0
872 2 0 0 0 0 0 0 0 0 0 0 0 0
874 2 0 0 0 0 0 0 0 0 1 1 0 0
876 9 1 1 0 0 0 5 0 0 0 0 0 0
877 5 0 0 1 0 0 0 0 0 0 0 0 0
880 4 1 1 3 0 0 0 0 0 1 0 0 0
893 2 0 0 0 0 0 0 0 0 1 0 0 0
896 2 0 0 0 0 0 0 0 0 1 0 0 0
899 3 0 0 1 0 0 0 0 0 1 0 0 0
922 3 0 0 0 0 0 0 0 0 1 0 0 0
934 13 1 1 9 0 0 0 0 0 1 0 0 0
fl=/build/gcc/src/gcc-build/x86_64-pc-linux-gnu/libstdc++-v3/include/bits/locale_facets_nonio.h
fn=_GLOBAL__sub_I_cxx11_locale_inst.cc
754 4 1 1 2 0 0 1 0 0 1 0 0 0
1373 8 1 1 4 3 1 2 0 0 2 0 0 0
1603 4 0 0 2 1 0 1 0 0 1 0 0 0
1760 4 0 0 2 1 0 1 0 0 1 0 0 0
1966 4 0 0 2 1 0 1 0 0 1 0 0 0
fn=_GLOBAL__sub_I_cxx11_wlocale_inst.cc
754 4 1 1 2 1 0 1 0 0 1 0 0 0
1373 8 1 1 4 3 1 2 0 0 2 0 0 0
1603 4 0 0 2 1 0 1 0 0 1 0 0 0
1760 4 0 0 2 1 0 1 0 0 1 0 0 0
1966 4 0 0 2 0 0 1 0 0 1 0 0 0
fn=_GLOBAL__sub_I_locale_inst.cc
318 4 0 0 2 1 0 1 0 0 1 0 0 0
754 4 1 1 2 1 0 1 0 0 1 1 0 0
887 4 0 0 2 1 0 1 0 0 1 0 0 0
1373 8 1 1 4 2 1 2 0 0 2 0 0 0
1603 4 0 0 2 1 0 1 0 0 1 0 0 0
1760 4 0 0 2 1 0 1 0 0 1 0 0 0
1966 4 0 0 2 1 0 1 0 0 1 0 0 0
fn=_GLOBAL__sub_I_wlocale_inst.cc
318 4 0 0 2 1 0 1 0 0 1 0 0 0
754 4 1 1 2 0 0 1 0 0 1 0 0 0
887 4 0 0 2 1 0 1 0 0 1 0 0 0
1373 8 1 1 4 3 1 2 0 0 2 0 0 0
1603 4 0 0 2 0 0 1 0 0 1 0 0 0
1760 4 0 0 2 0 0 1 0 0 1 0 0 0
1966 4 0 0 2 1 0 1 0 0 1 0 0 0
fn=std::locale::_Impl::_Impl(unsigned long)
136 102 17 17 0 0 0 98 12 12 0 0 0 0
388 6 0 0 2 2 0 2 0 0 0 0 0 0
817 6 0 0 2 1 0 2 0 0 0 0 0 0
984 66 10 10 0 0 0 56 7 7 0 0 0 0
1065 17 1 1 4 4 0 8 0 0 0 0 0 0
1066 16 2 2 0 0 0 4 0 0 0 0 0 0
1488 6 0 0 2 1 0 2 0 0 0 0 0 0
1640 6 2 2 2 2 0 2 0 0 0 0 0 0
fn=std::locale::_Impl::_M_init_extra(std::locale::facet**)
388 6 1 1 2 0 0 2 0 0 0 0 0 0
1065 17 1 1 5 3 0 8 0 0 0 0 0 0
1066 16 0 0 0 0 0 4 0 0 0 0 0 0
1488 6 1 1 2 0 0 2 0 0 0 0 0 0
1640 6 1 1 2 0 0 2 0 0 0 0 0 0
fl=/build/gcc/src/gcc-build/x86_64-pc-linux-gnu/libstdc++-v3/include/bits/ostream.tcc
fn=std::basic_ostream<wchar_t, std::char_traits<wchar_t> >::flush()
210 12 2 2 6 3 0 3 0 0 0 0 0 0
219 15 0 0 3 0 0 0 0 0 6 0 0 0
232 9 0 0 6 0 0 0 0 0 0 0 0 0
fn=std::ostream& std::ostream::_M_insert<long>(long)
63 12 2 2 1 0 0 7 0 0 0 0 0 0
66 6 1 1 0 0 0 2 0 0 0 0 0 0
67 2 0 0 1 0 0 0 0 0 1 0 0 0
72 4 0 0 3 0 0 0 0 0 0 0 0 0
73 2 0 0 0 0 0 0 0 0 1 1 0 0
87 12 0 0 9 0 0 0 0 0 1 0 0 0
fn=std::ostream::flush()
210 12 1 1 6 2 0 3 0 0 0 0 0 0
219 15 0 0 3 1 0 0 0 0 6 0 0 0
232 9 0 0 6 0 0 0 0 0 0 0 0 0
fn=std::ostream::sentry::sentry(std::ostream&)
46 9 1 1 0 0 0 3 0 0 0 0 0 0
48 6 0 0 0 0 0 6 0 0 0 0 0 0
51 24 0 0 12 2 0 0 0 0 3 3 0 0
54 6 1 1 0 0 0 0 0 0 3 0 0 0
55 3 0 0 0 0 0 3 0 0 0 0 0 0
58 9 0 0 6 0 0 0 0 0 0 0 0 0
fl=/build/gcc/src/gcc-build/x86_64-pc-linux-gnu/libstdc++-v3/include/bits/ostream_insert.h
fn=std::basic_ostream<char, std::char_traits<char> >& std::__ostream_insert<char, std::char_traits<char> >(std::basic_ostream<char, std::char_traits<char> >&, char const*, long)
51 4 1 1 0 0 0 0 0 0 2 2 0 0
76 26 2 2 2 0 0 16 0 0 0 0 0 0
82 12 0 0 0 0 0 4 0 0 0 0 0 0
83 4 0 0 2 0 0 0 0 0 2 0 0 0
87 8 1 1 6 0 0 0 0 0 0 0 0 0
88 6 0 0 0 0 0 2 0 0 2 2 0 0
113 26 1 1 20 0 0 0 0 0 2 0 0 0
fl=/build/gcc/src/gcc-build/x86_64-pc-linux-gnu/libstdc++-v3/include/bits/stl_iterator_base_funcs.h
fn=void std::__cxx11::basic_string<char, std::char_traits<char>, std::allocator<char> >::_M_construct<char const*>(char const*, char const*, std::forward_iterator_tag)
104 4 0 0 0 0 0 0 0 0 0 0 0 0
fn=void std::__cxx11::basic_string<char, std::char_traits<char>, std::allocator<char> >::_M_construct<char*>(char*, char*, std::forward_iterator_tag)
104 2 0 0 0 0 0 0 0 0 0 0 0 0
fl=/build/gcc/src/gcc-build/x86_64-pc-linux-gnu/libstdc++-v3/include/bits/streambuf_iterator.h
fn=std::ostream& std::ostream::_M_insert<long>(long)
242 2 0 0 0 0 0 0 0 0 0 0 0 0
fn=std::ostreambuf_iterator<char, std::char_traits<char> > std::num_put<char, std::ostreambuf_iterator<char, std::char_traits<char> > >::_M_insert_int<long>(std::ostreambuf_iterator<char, std::char_traits<char> >, std::ios_base&, char, long) const
282 2 0 0 0 0 0 0 0 0 1 0 0 0
284 4 0 0 0 0 0 0 0 0 0 0 0 0
fl=/build/gcc/src/gcc-build/x86_64-pc-linux-gnu/libstdc++-v3/include/ext/atomicity.h
fn=std::ios_base::Init::Init()
49 2 0 0 0 0 0 0 0 0 0 0 0 0
67 2 1 1 2 1 0 0 0 0 0 0 0 0
68 4 0 0 0 0 0 2 0 0 0 0 0 0
74 1 0 0 1 0 0 0 0 0 0 0 0 0
81 4 0 0 2 1 0 0 0 0 2 2 0 0
95 2 0 0 1 0 0 0 0 0 1 0 0 0
fn=std::ios_base::Init::~Init()
49 2 0 0 0 0 0 0 0 0 0 0 0 0
67 2 1 1 2 0 0 0 0 0 0 0 0 0
68 4 0 0 0 0 0 2 0 0 0 0 0 0
81 4 1 1 2 0 0 0 0 0 2 2 0 0
fn=std::locale::_Impl::_M_init_extra(std::locale::facet**)
74 16 2 2 10 0 0 6 1 1 0 0 0 0
95 17 1 1 1 0 0 0 0 0 8 0 0 0
fn=std::locale::_Impl::_M_install_facet(std::locale::id const*, std::locale::facet const*)
74 60 1 1 30 0 0 0 0 0 0 0 0 0
95 90 1 1 30 0 0 0 0 0 30 7 0 0
fn=std::locale::id::_M_id() const
49 46 0 0 0 0 0 0 0 0 0 0 0 0
68 184 0 0 46 0 0 46 0 0 0 0 0 0
81 92 0 0 46 0 0 0 0 0 46 20 0 0
fn=std::locale::locale()
74 22 0 0 22 0 0 0 0 0 0 0 0 0
95 44 1 1 22 0 0 0 0 0 22 8 0 0
fn=std::locale::operator=(std::locale const&)
67 8 0 0 8 0 0 0 0 0 0 0 0 0
68 16 0 0 0 0 0 8 0 0 0 0 0 0
74 8 0 0 8 0 0 0 0 0 0 0 0 0
95 16 0 0 8 0 0 0 0 0 8 0 0 0
fn=std::locale::~locale()
67 8 1 1 8 0 0 0 0 0 0 0 0 0
68 16 0 0 0 0 0 8 0 0 0 0 0 0
81 16 1 1 8 0 0 0 0 0 8 4 0 0
fl=/build/gcc/src/gcc-build/x86_64-pc-linux-gnu/libstdc++-v3/include/ext/bitmap_allocator.h
fn=_GLOBAL__sub_I_bitmap_allocator.cc
106 8 0 0 0 0 0 6 1 0 0 0 0 0
412 6 0 0 0 0 0 2 2 0 0 0 0 0
420 2 0 0 0 0 0 2 0 0 0 0 0 0
421 2 0 0 0 0 0 2 0 0 0 0 0 0
1112 8 1 1 2 1 0 2 0 0 2 0 0 0
1125 8 2 2 2 0 0 2 0 0 2 1 0 0
1130 8 1 1 2 0 0 2 0 0 2 0 0 0
fl=/build/gcc/src/gcc-build/x86_64-pc-linux-gnu/libstdc++-v3/include/ext/concurrence.h
fn=_GLOBAL__sub_I_bitmap_allocator.cc
132 28 1 1 0 0 0 20 1 0 20 19 0 0
fn=_GLOBAL__sub_I_eh_alloc.cc
132 4 1 1 0 0 0 3 1 0 0 0 0 0
fl=/build/gcc/src/gcc-build/x86_64-pc-linux-gnu/libstdc++-v3/include/ext/new_allocator.h
fn=std::__cxx11::basic_string<char, std::char_traits<char>, std::allocator<char> >::_M_create(unsigned long&, unsigned long)
111 4 1 1 0 0 0 0 0 0 0 0 0 0
fn=std::__cxx11::basic_string<char, std::char_traits<char>, std::allocator<char> >::~basic_string()
125 4 0 0 0 0 0 0 0 0 0 0 0 0
fl=/build/gcc/src/gcc-build/x86_64-pc-linux-gnu/libstdc++-v3/include/ext/stdio_sync_filebuf.h
fn=__gnu_cxx::stdio_sync_filebuf<char, std::char_traits<char> >::sync()
191 6 1 1 3 0 0 0 0 0 0 0 0 0
fn=__gnu_cxx::stdio_sync_filebuf<char, std::char_traits<char> >::xsputn(char const*, long)
252 15 1 1 3 0 0 0 0 0 0 0 0 0
fn=__gnu_cxx::stdio_sync_filebuf<wchar_t, std::char_traits<wchar_t> >::sync()
191 6 1 1 3 2 0 0 0 0 0 0 0 0
fn=std::ios_base::Init::Init()
80 22 1 1 2 1 0 18 1 1 0 0 0 0
fl=/build/gcc/src/gcc-build/x86_64-pc-linux-gnu/libstdc++-v3/include/istream
fn=std::ios_base::Init::Init()
94 12 2 2 2 0 0 6 0 0 0 0 0 0
95 6 1 1 0 0 0 2 0 0 0 0 0 0
fl=/build/gcc/src/gcc-build/x86_64-pc-linux-gnu/libstdc++-v3/include/ostream
fn=std::basic_ostream<char, std::char_traits<char> >& std::operator<< <std::char_traits<char> >(std::basic_ostream<char, std::char_traits<char> >&, char const*)
556 8 1 1 0 0 0 4 0 0 0 0 0 0
558 6 0 0 0 0 0 0 0 0 2 1 0 0
561 8 0 0 0 0 0 2 0 0 0 0 0 0
564 10 1 1 6 0 0 0 0 0 0 0 0 0
fn=std::ios_base::Init::Init()
85 44 4 4 2 0 0 18 0 0 0 0 0 0
fn=std::ostream::operator<<(long)
167 1 1 1 0 0 0 0 0 0 0 0 0 0
fn=std::ostream::sentry::~sentry()
457 15 1 1 12 0 0 0 0 0 3 3 0 0
463 3 1 1 3 0 0 0 0 0 0 0 0 0
fl=/build/gcc/src/gcc-build/x86_64-pc-linux-gnu/libstdc++-v3/include/parallel/settings.h
fn=_GLOBAL__sub_I_parallel_settings.cc
338 53 8 8 1 1 1 48 6 6 0 0 0 0
fl=/build/gcc/src/gcc-build/x86_64-pc-linux-gnu/libstdc++-v3/include/streambuf
fn=std::basic_ostream<char, std::char_traits<char> >& std::__ostream_insert<char, std::char_traits<char> >(std::basic_ostream<char, std::char_traits<char> >&, char const*, long)
451 14 0 0 10 2 0 2 0 0 0 0 2 1
fn=std::basic_ostream<wchar_t, std::char_traits<wchar_t> >::flush()
271 6 0 0 6 3 0 3 0 0 0 0 3 1
fn=std::ios_base::Init::Init()
466 58 11 11 2 0 0 48 9 9 0 0 0 0
fn=std::ostream::flush()
271 6 0 0 6 1 0 3 0 0 0 0 3 1
fn=std::ostreambuf_iterator<char, std::char_traits<char> > std::num_put<char, std::ostreambuf_iterator<char, std::char_traits<char> > >::_M_insert_int<long>(std::ostreambuf_iterator<char, std::char_traits<char> >, std::ios_base&, char, long) const
451 5 0 0 2 0 0 1 0 0 0 0 1 1
fl=/build/gcc/src/gcc-build/x86_64-pc-linux-gnu/libstdc++-v3/include/system_error
fn=std::_V2::error_category::~error_category()
74 3 0 0 3 0 0 0 0 0 0 0 0 0
fl=/build/gcc/src/gcc-build/x86_64-pc-linux-gnu/libstdc++-v3/include/x86_64-pc-linux-gnu/bits/messages_members.h
fn=std::__cxx11::messages<char>::messages(unsigned long)
44 4 1 1 0 0 0 2 0 0 0 0 0 0
45 1 0 0 0 0 0 1 0 0 0 0 0 0
46 6 1 1 1 0 0 4 0 0 0 0 0 0
47 4 0 0 3 0 0 0 0 0 0 0 0 0
fn=std::__cxx11::messages<wchar_t>::messages(unsigned long)
44 4 1 1 0 0 0 2 0 0 0 0 0 0
45 1 0 0 0 0 0 1 0 0 0 0 0 0
46 6 0 0 1 1 0 4 0 0 0 0 0 0
47 4 0 0 3 0 0 0 0 0 0 0 0 0
fn=std::messages<char>::messages(unsigned long)
44 4 1 1 0 0 0 2 0 0 0 0 0 0
45 1 0 0 0 0 0 1 0 0 0 0 0 0
46 6 0 0 1 1 0 4 0 0 0 0 0 0
47 4 0 0 3 0 0 0 0 0 0 0 0 0
fn=std::messages<wchar_t>::messages(unsigned long)
44 4 1 1 0 0 0 2 0 0 0 0 0 0
45 1 0 0 0 0 0 1 0 0 0 0 0 0
46 6 1 1 1 0 0 4 0 0 0 0 0 0
47 4 0 0 3 0 0 0 0 0 0 0 0 0
fl=/build/gcc/src/gcc-build/x86_64-pc-linux-gnu/libstdc++-v3/include/x86_64-pc-linux-gnu/bits/time_members.h
fn=std::__timepunct<char>::__timepunct(std::__timepunct_cache<char>*, unsigned long)
48 4 1 1 0 0 0 2 0 0 0 0 0 0
50 7 0 0 1 0 0 5 1 1 0 0 0 0
51 7 1 1 3 0 0 1 0 0 0 0 0 0
fn=std::__timepunct<wchar_t>::__timepunct(std::__timepunct_cache<wchar_t>*, unsigned long)
48 4 1 1 0 0 0 2 0 0 0 0 0 0
50 7 1 1 1 1 0 5 0 0 0 0 0 0
51 7 0 0 3 0 0 1 0 0 0 0 0 0
fl=/build/gcc/src/gcc-build/x86_64-pc-linux-gnu/libstdc++-v3/src/c++11/ctype_configure_char.cc
fn=std::ctype<char>::ctype(unsigned short const*, bool, unsigned long)
121 6 0 0 0 0 0 3 0 0 0 0 0 0
122 1 0 0 0 0 0 1 0 0 0 0 0 0
123 4 0 0 0 0 0 1 0 0 0 0 0 0
124 1 0 0 1 1 0 0 0 0 0 0 0 0
125 1 0 0 1 0 0 0 0 0 0 0 0 0
126 3 0 0 1 0 0 0 0 0 1 0 0 0
127 9 2 2 1 1 0 7 1 1 0 0 0 0
129 42 0 0 0 0 0 33 4 4 32 10 0 0
130 39 1 1 0 0 0 33 3 3 32 10 0 0
131 4 0 0 4 0 0 0 0 0 0 0 0 0
fl=/build/gcc/src/gcc-build/x86_64-pc-linux-gnu/libstdc++-v3/src/c++11/ctype_members.cc
fn=std::ctype<wchar_t>::_M_convert_to_wmask(unsigned short) const
62 103 2 2 0 0 0 0 0 0 62 17 0 0
65 3 1 1 1 0 0 0 0 0 0 0 0 0
68 3 0 0 1 0 0 0 0 0 0 0 0 0
71 3 0 0 1 0 0 0 0 0 0 0 0 0
74 3 1 1 1 0 0 0 0 0 0 0 0 0
77 3 0 0 1 0 0 0 0 0 0 0 0 0
80 3 1 1 1 0 0 0 0 0 0 0 0 0
83 3 0 0 1 0 0 0 0 0 0 0 0 0
86 3 0 0 1 0 0 0 0 0 0 0 0 0
89 3 1 1 1 0 0 0 0 0 0 0 0 0
98 3 0 0 1 0 0 0 0 0 0 0 0 0
104 4 0 0 2 0 0 0 0 0 0 0 0 0
fn=std::ctype<wchar_t>::_M_initialize_ctype()
273 6 1 1 0 0 0 4 0 0 0 0 0 0
275 7 0 0 1 0 0 1 0 0 0 0 0 0
278 256 0 0 0 0 0 0 0 0 128 1 0 0
281 256 1 1 0 0 0 0 0 0 128 3 0 0
284 256 0 0 0 0 0 128 2 2 0 0 0 0
287 2 1 1 0 0 0 1 0 0 0 0 0 0
290 256 0 0 0 0 0 0 0 0 0 0 0 0
291 512 0 0 0 0 0 0 0 0 256 6 0 0
292 256 0 0 0 0 0 256 16 16 0 0 0 0
294 63 0 0 0 0 0 0 0 0 12 4 0 0
296 72 0 0 0 0 0 12 0 0 0 0 0 0
297 60 1 1 0 0 0 24 2 2 0 0 0 0
300 2 0 0 0 0 0 0 0 0 0 0 0 0
302 5 0 0 4 0 0 0 0 0 0 0 0 0
fl=/build/gcc/src/gcc-build/x86_64-pc-linux-gnu/libstdc++-v3/src/c++98/c++locale.cc
fn=std::locale::facet::_S_create_c_locale(__locale_struct*&, char const*, __locale_struct*)
134 2 1 1 0 0 0 1 0 0 0 0 0 0
135 3 0 0 0 0 0 2 0 0 0 0 0 0
136 2 0 0 0 0 0 0 0 0 1 0 0 0
142 2 0 0 2 0 0 0 0 0 0 0 0 0
fl=/build/gcc/src/gcc-build/x86_64-pc-linux-gnu/libstdc++-v3/src/c++98/monetary_members.cc
fn=std::__cxx11::moneypunct<char, false>::_M_initialize_moneypunct(__locale_struct*, char const*)
365 9 1 1 0 0 0 6 0 0 0 0 0 0
366 2 0 0 1 0 0 0 0 0 1 0 0 0
369 2 0 0 0 0 0 0 0 0 1 1 0 0
372 2 1 1 1 0 0 1 0 0 0 0 0 0
373 2 0 0 1 0 0 1 0 0 0 0 0 0
374 3 1 1 1 0 0 1 0 0 0 0 0 0
375 2 0 0 1 0 0 1 0 0 0 0 0 0
376 2 0 0 1 0 0 1 0 0 0 0 0 0
377 2 0 0 1 0 0 1 0 0 0 0 0 0
378 2 0 0 1 0 0 1 0 0 0 0 0 0
379 2 0 0 1 0 0 1 0 0 0 0 0 0
380 2 1 1 1 0 0 1 0 0 0 0 0 0
381 2 0 0 1 0 0 1 0 0 0 0 0 0
382 2 0 0 1 0 0 1 0 0 0 0 0 0
383 2 0 0 1 0 0 1 0 0 0 0 0 0
384 4 0 0 3 1 1 1 0 0 0 0 0 0
385 2 0 0 1 0 0 1 0 0 0 0 0 0
387 35 0 0 0 0 0 0 0 0 11 9 0 0
388 35 1 1 24 0 0 11 0 0 0 0 0 0
510 8 0 0 7 0 0 0 0 0 0 0 0 0
fn=std::__cxx11::moneypunct<char, true>::_M_initialize_moneypunct(__locale_struct*, char const*)
214 9 2 2 0 0 0 6 0 0 0 0 0 0
215 2 0 0 1 0 0 0 0 0 1 0 0 0
218 2 0 0 0 0 0 0 0 0 1 1 0 0
221 2 1 1 1 0 0 1 0 0 0 0 0 0
222 2 0 0 1 0 0 1 0 0 0 0 0 0
223 3 0 0 1 0 0 1 0 0 0 0 0 0
224 2 0 0 1 0 0 1 0 0 0 0 0 0
225 2 0 0 1 0 0 1 0 0 0 0 0 0
226 2 1 1 1 0 0 1 0 0 0 0 0 0
227 2 0 0 1 0 0 1 0 0 0 0 0 0
228 2 0 0 1 0 0 1 0 0 0 0 0 0
229 2 0 0 1 0 0 1 0 0 0 0 0 0
230 2 0 0 1 0 0 1 0 0 0 0 0 0
231 2 0 0 1 0 0 1 0 0 0 0 0 0
232 2 1 1 1 0 0 1 0 0 0 0 0 0
233 4 0 0 3 0 0 1 0 0 0 0 0 0
234 2 0 0 1 0 0 1 0 0 0 0 0 0
236 35 0 0 0 0 0 0 0 0 11 9 0 0
237 35 0 0 24 0 0 11 0 0 0 0 0 0
359 8 1 1 7 0 0 0 0 0 0 0 0 0
fn=std::__cxx11::moneypunct<wchar_t, false>::_M_initialize_moneypunct(__locale_struct*, char const*)
734 12 1 1 1 0 0 7 0 0 0 0 0 0
735 2 0 0 1 0 0 0 0 0 1 0 0 0
738 2 0 0 0 0 0 0 0 0 1 1 0 0
741 2 1 1 1 0 0 1 0 0 0 0 0 0
742 2 0 0 1 0 0 1 0 0 0 0 0 0
743 3 1 1 1 0 0 1 0 0 0 0 0 0
744 2 0 0 1 0 0 1 0 0 0 0 0 0
745 2 0 0 1 0 0 1 0 0 0 0 0 0
746 3 0 0 1 0 0 1 0 0 0 0 0 0
747 2 1 1 1 0 0 1 0 0 0 0 0 0
748 2 0 0 1 0 0 1 0 0 0 0 0 0
749 2 0 0 1 0 0 1 0 0 0 0 0 0
750 2 0 0 1 0 0 1 0 0 0 0 0 0
751 2 0 0 1 0 0 1 0 0 0 0 0 0
752 2 0 0 1 0 0 1 0 0 0 0 0 0
753 4 1 1 3 0 0 1 0 0 0 0 0 0
754 2 0 0 1 0 0 1 0 0 0 0 0 0
757 36 1 1 0 0 0 0 0 0 11 7 0 0
758 11 0 0 11 0 0 0 0 0 0 0 0 0
759 24 0 0 13 0 0 11 0 0 0 0 0 0
907 11 0 0 9 0 0 0 0 0 1 0 0 0
fn=std::__cxx11::moneypunct<wchar_t, true>::_M_initialize_moneypunct(__locale_struct*, char const*)
551 12 1 1 1 0 0 7 0 0 0 0 0 0
552 2 0 0 1 0 0 0 0 0 1 0 0 0
555 2 1 1 0 0 0 0 0 0 1 1 0 0
558 2 1 1 1 0 0 1 0 0 0 0 0 0
559 2 0 0 1 0 0 1 0 0 0 0 0 0
560 3 0 0 1 0 0 1 0 0 0 0 0 0
561 2 0 0 1 0 0 1 0 0 0 0 0 0
562 2 1 1 1 0 0 1 0 0 0 0 0 0
563 3 0 0 1 0 0 1 0 0 0 0 0 0
564 2 0 0 1 0 0 1 0 0 0 0 0 0
565 2 0 0 1 0 0 1 0 0 0 0 0 0
566 2 0 0 1 0 0 1 0 0 0 0 0 0
567 2 0 0 1 0 0 1 0 0 0 0 0 0
568 2 1 1 1 0 0 1 0 0 0 0 0 0
569 2 0 0 1 0 0 1 0 0 0 0 0 0
570 4 0 0 3 0 0 1 0 0 0 0 0 0
571 2 0 0 1 0 0 1 0 0 0 0 0 0
574 36 0 0 0 0 0 0 0 0 11 9 0 0
575 11 0 0 11 0 0 0 0 0 0 0 0 0
576 24 1 1 13 0 0 11 0 0 0 0 0 0
724 11 1 1 9 0 0 0 0 0 1 0 0 0
fl=/build/gcc/src/gcc-build/x86_64-pc-linux-gnu/libstdc++-v3/src/c++98/monetary_members_cow.cc
fn=std::moneypunct<char, false>::_M_initialize_moneypunct(__locale_struct*, char const*)
365 9 2 2 0 0 0 6 0 0 0 0 0 0
366 2 0 0 1 0 0 0 0 0 1 0 0 0
369 2 0 0 0 0 0 0 0 0 1 1 0 0
372 2 1 1 1 0 0 1 0 0 0 0 0 0
373 2 0 0 1 0 0 1 0 0 0 0 0 0
374 3 0 0 1 0 0 1 0 0 0 0 0 0
375 2 0 0 1 0 0 1 0 0 0 0 0 0
376 2 0 0 1 0 0 1 0 0 0 0 0 0
377 2 1 1 1 0 0 1 0 0 0 0 0 0
378 2 0 0 1 0 0 1 0 0 0 0 0 0
379 2 0 0 1 0 0 1 0 0 0 0 0 0
380 2 0 0 1 0 0 1 0 0 0 0 0 0
381 2 0 0 1 0 0 1 0 0 0 0 0 0
382 2 0 0 1 0 0 1 0 0 0 0 0 0
383 2 1 1 1 0 0 1 0 0 0 0 0 0
384 4 0 0 3 0 0 1 0 0 0 0 0 0
385 2 0 0 1 0 0 1 0 0 0 0 0 0
387 35 0 0 0 0 0 0 0 0 11 6 0 0
388 35 0 0 24 0 0 11 0 0 0 0 0 0
510 8 1 1 7 0 0 0 0 0 0 0 0 0
fn=std::moneypunct<char, true>::_M_initialize_moneypunct(__locale_struct*, char const*)
214 9 1 1 0 0 0 6 0 0 0 0 0 0
215 2 0 0 1 0 0 0 0 0 1 0 0 0
218 2 0 0 0 0 0 0 0 0 1 0 0 0
221 2 1 1 1 0 0 1 0 0 0 0 0 0
222 2 0 0 1 0 0 1 0 0 0 0 0 0
223 3 1 1 1 0 0 1 0 0 0 0 0 0
224 2 0 0 1 0 0 1 0 0 0 0 0 0
225 2 0 0 1 0 0 1 0 0 0 0 0 0
226 2 0 0 1 0 0 1 0 0 0 0 0 0
227 2 0 0 1 0 0 1 0 0 0 0 0 0
228 2 0 0 1 0 0 1 0 0 0 0 0 0
229 2 1 1 1 0 0 1 0 0 0 0 0 0
230 2 0 0 1 0 0 1 0 0 0 0 0 0
231 2 0 0 1 0 0 1 0 0 0 0 0 0
232 2 0 0 1 0 0 1 0 0 0 0 0 0
233 4 0 0 3 0 0 1 0 0 0 0 0 0
234 2 0 0 1 0 0 1 0 0 0 0 0 0
236 35 0 0 0 0 0 0 0 0 11 6 0 0
237 35 1 1 24 0 0 11 0 0 0 0 0 0
359 8 0 0 7 0 0 0 0 0 0 0 0 0
fn=std::moneypunct<wchar_t, false>::_M_initialize_moneypunct(__locale_struct*, char const*)
734 12 2 2 1 0 0 7 0 0 0 0 0 0
735 2 0 0 1 0 0 0 0 0 1 0 0 0
738 2 0 0 0 0 0 0 0 0 1 1 0 0
741 2 1 1 1 0 0 1 0 0 0 0 0 0
742 2 0 0 1 0 0 1 0 0 0 0 0 0
743 3 0 0 1 0 0 1 0 0 0 0 0 0
744 2 1 1 1 0 0 1 0 0 0 0 0 0
745 2 0 0 1 0 0 1 0 0 0 0 0 0
746 3 0 0 1 0 0 1 0 0 0 0 0 0
747 2 0 0 1 0 0 1 0 0 0 0 0 0
748 2 0 0 1 0 0 1 0 0 0 0 0 0
749 2 0 0 1 0 0 1 0 0 0 0 0 0
750 2 1 1 1 0 0 1 0 0 0 0 0 0
751 2 0 0 1 0 0 1 0 0 0 0 0 0
752 2 0 0 1 0 0 1 0 0 0 0 0 0
753 4 0 0 3 0 0 1 0 0 0 0 0 0
754 2 0 0 1 0 0 1 0 0 0 0 0 0
757 36 1 1 0 0 0 0 0 0 11 7 0 0
758 11 0 0 11 0 0 0 0 0 0 0 0 0
759 24 0 0 13 0 0 11 0 0 0 0 0 0
907 11 1 1 9 0 0 0 0 0 1 0 0 0
fn=std::moneypunct<wchar_t, true>::_M_initialize_moneypunct(__locale_struct*, char const*)
551 12 2 2 1 0 0 7 0 0 0 0 0 0
552 2 0 0 1 0 0 0 0 0 1 0 0 0
555 2 0 0 0 0 0 0 0 0 1 1 0 0
558 2 1 1 1 0 0 1 0 0 0 0 0 0
559 2 1 1 1 0 0 1 0 0 0 0 0 0
560 3 0 0 1 0 0 1 0 0 0 0 0 0
561 2 0 0 1 0 0 1 0 0 0 0 0 0
562 2 0 0 1 0 0 1 0 0 0 0 0 0
563 3 0 0 1 0 0 1 0 0 0 0 0 0
564 2 0 0 1 0 0 1 0 0 0 0 0 0
565 2 1 1 1 0 0 1 0 0 0 0 0 0
566 2 0 0 1 0 0 1 0 0 0 0 0 0
567 2 0 0 1 0 0 1 0 0 0 0 0 0
568 2 0 0 1 0 0 1 0 0 0 0 0 0
569 2 0 0 1 0 0 1 0 0 0 0 0 0
570 4 0 0 3 0 0 1 0 0 0 0 0 0
571 2 1 1 1 0 0 1 0 0 0 0 0 0
574 36 0 0 0 0 0 0 0 0 11 9 0 0
575 11 0 0 11 0 0 0 0 0 0 0 0 0
576 24 0 0 13 0 0 11 0 0 0 0 0 0
724 11 1 1 9 0 0 0 0 0 1 0 0 0
fl=/build/gcc/src/gcc-build/x86_64-pc-linux-gnu/libstdc++-v3/src/c++98/numeric_members.cc
fn=std::__cxx11::numpunct<char>::_M_initialize_numpunct(__locale_struct*)
41 7 1 1 0 0 0 4 0 0 0 0 0 0
42 2 1 1 1 0 0 0 0 0 1 0 0 0
45 2 0 0 0 0 0 0 0 0 1 1 0 0
48 3 1 1 1 0 0 1 0 0 0 0 0 0
49 2 0 0 1 0 0 1 0 0 0 0 0 0
50 2 0 0 1 0 0 1 0 0 0 0 0 0
52 2 0 0 1 0 0 1 0 0 0 0 0 0
53 2 0 0 1 0 0 1 0 0 0 0 0 0
55 110 0 0 0 0 0 0 0 0 36 9 0 0
56 110 1 1 74 3 1 36 0 0 0 0 0 0
58 81 1 1 0 0 0 0 0 0 26 10 0 0
59 80 0 0 54 1 0 26 0 0 0 0 0 0
108 3 2 2 1 0 0 1 0 0 0 0 0 0
109 2 0 0 1 0 0 1 0 0 0 0 0 0
111 3 0 0 1 0 0 1 0 0 0 0 0 0
112 2 0 0 1 0 0 1 0 0 0 0 0 0
113 6 0 0 5 0 0 0 0 0 0 0 0 0
fn=std::__cxx11::numpunct<wchar_t>::_M_initialize_numpunct(__locale_struct*)
127 7 1 1 0 0 0 4 0 0 0 0 0 0
128 2 0 0 1 0 0 0 0 0 1 0 0 0
131 2 0 0 0 0 0 0 0 0 1 1 0 0
134 3 1 1 1 0 0 1 0 0 0 0 0 0
135 1 0 0 0 0 0 1 0 0 0 0 0 0
136 1 0 0 0 0 0 1 0 0 0 0 0 0
138 2 1 1 0 0 0 1 0 0 0 0 0 0
142 110 0 0 0 0 0 0 0 0 36 9 0 0
144 74 0 0 38 0 0 36 2 2 0 0 0 0
146 81 0 0 0 0 0 0 0 0 26 10 0 0
148 54 1 1 28 1 0 26 1 1 0 0 0 0
200 2 1 1 0 0 0 1 0 0 0 0 0 0
201 1 0 0 0 0 0 1 0 0 0 0 0 0
203 2 0 0 0 0 0 1 0 0 0 0 0 0
204 1 0 0 0 0 0 1 0 0 0 0 0 0
205 6 0 0 5 0 0 0 0 0 0 0 0 0
fl=/build/gcc/src/gcc-build/x86_64-pc-linux-gnu/libstdc++-v3/src/c++98/numeric_members_cow.cc
fn=std::numpunct<char>::_M_initialize_numpunct(__locale_struct*)
41 7 1 1 0 0 0 4 0 0 0 0 0 0
42 2 0 0 1 0 0 0 0 0 1 0 0 0
45 2 0 0 0 0 0 0 0 0 1 1 0 0
48 3 1 1 1 0 0 1 1 0 0 0 0 0
49 2 0 0 1 0 0 1 0 0 0 0 0 0
50 2 1 1 1 0 0 1 0 0 0 0 0 0
52 2 0 0 1 0 0 1 0 0 0 0 0 0
53 2 0 0 1 0 0 1 0 0 0 0 0 0
55 110 0 0 0 0 0 0 0 0 36 9 0 0
56 110 0 0 74 0 0 36 0 0 0 0 0 0
58 81 1 1 0 0 0 0 0 0 26 10 0 0
59 80 0 0 54 0 0 26 0 0 0 0 0 0
108 3 1 1 1 0 0 1 0 0 0 0 0 0
109 2 0 0 1 0 0 1 0 0 0 0 0 0
111 3 0 0 1 0 0 1 0 0 0 0 0 0
112 2 0 0 1 0 0 1 0 0 0 0 0 0
113 6 0 0 5 0 0 0 0 0 0 0 0 0
fn=std::numpunct<wchar_t>::_M_initialize_numpunct(__locale_struct*)
127 7 1 1 0 0 0 4 0 0 0 0 0 0
128 2 0 0 1 0 0 0 0 0 1 0 0 0
131 2 1 1 0 0 0 0 0 0 1 1 0 0
134 3 1 1 1 0 0 1 0 0 0 0 0 0
135 1 0 0 0 0 0 1 0 0 0 0 0 0
136 1 0 0 0 0 0 1 0 0 0 0 0 0
138 2 0 0 0 0 0 1 0 0 0 0 0 0
142 110 0 0 0 0 0 0 0 0 36 8 0 0
144 74 1 1 38 0 0 36 0 0 0 0 0 0
146 81 0 0 0 0 0 0 0 0 26 10 0 0
148 54 0 0 28 0 0 26 0 0 0 0 0 0
200 2 1 1 0 0 0 1 0 0 0 0 0 0
201 1 0 0 0 0 0 1 0 0 0 0 0 0
203 2 0 0 0 0 0 1 0 0 0 0 0 0
204 1 0 0 0 0 0 1 0 0 0 0 0 0
205 6 0 0 5 0 0 0 0 0 0 0 0 0
fl=/build/gcc/src/gcc-build/x86_64-pc-linux-gnu/libstdc++-v3/src/c++98/time_members.cc
fn=std::__timepunct<char>::_M_initialize_timepunct(__locale_struct*)
66 5 1 1 0 0 0 3 0 0 0 0 0 0
67 2 0 0 1 0 0 0 0 0 1 0 0 0
70 2 0 0 1 0 0 0 0 0 1 1 0 0
73 2 1 1 0 0 0 2 0 0 0 0 0 0
75 3 0 0 1 0 0 1 0 0 0 0 0 0
76 1 0 0 0 0 0 1 0 0 0 0 0 0
77 2 0 0 0 0 0 1 0 0 0 0 0 0
78 1 0 0 0 0 0 1 0 0 0 0 0 0
79 2 0 0 0 0 0 1 0 0 0 0 0 0
80 1 1 1 0 0 0 1 0 0 0 0 0 0
81 2 0 0 0 0 0 1 0 0 0 0 0 0
82 2 1 1 0 0 0 1 0 0 0 0 0 0
83 1 0 0 0 0 0 1 0 0 0 0 0 0
86 2 0 0 0 0 0 1 0 0 0 0 0 0
87 2 0 0 0 0 0 1 0 0 0 0 0 0
88 2 0 0 0 0 0 1 0 0 0 0 0 0
89 2 0 0 0 0 0 1 0 0 0 0 0 0
90 2 0 0 0 0 0 1 0 0 0 0 0 0
91 2 0 0 0 0 0 1 0 0 0 0 0 0
92 2 0 0 0 0 0 1 0 0 0 0 0 0
95 2 1 1 0 0 0 1 0 0 0 0 0 0
96 2 1 1 0 0 0 1 0 0 0 0 0 0
97 2 0 0 0 0 0 1 0 0 0 0 0 0
98 2 0 0 0 0 0 1 0 0 0 0 0 0
99 2 0 0 0 0 0 1 0 0 0 0 0 0
100 2 0 0 0 0 0 1 0 0 0 0 0 0
101 2 1 1 0 0 0 1 0 0 0 0 0 0
104 2 0 0 0 0 0 1 0 0 0 0 0 0
105 2 0 0 0 0 0 1 0 0 0 0 0 0
106 2 0 0 0 0 0 1 0 0 0 0 0 0
107 2 0 0 0 0 0 1 0 0 0 0 0 0
108 2 0 0 0 0 0 1 0 0 0 0 0 0
109 2 0 0 0 0 0 1 0 0 0 0 0 0
110 2 1 1 0 0 0 1 0 0 0 0 0 0
111 2 0 0 0 0 0 1 0 0 0 0 0 0
112 2 0 0 0 0 0 1 0 0 0 0 0 0
113 2 0 0 0 0 0 1 0 0 0 0 0 0
114 2 0 0 0 0 0 1 0 0 0 0 0 0
115 2 0 0 0 0 0 1 0 0 0 0 0 0
118 2 0 0 0 0 0 1 0 0 0 0 0 0
119 2 1 1 0 0 0 1 0 0 0 0 0 0
120 2 0 0 0 0 0 1 0 0 0 0 0 0
121 2 0 0 0 0 0 1 0 0 0 0 0 0
122 1 0 0 0 0 0 1 0 0 0 0 0 0
123 2 1 1 0 0 0 1 0 0 0 0 0 0
124 2 0 0 0 0 0 1 0 0 0 0 0 0
125 2 0 0 0 0 0 1 0 0 0 0 0 0
126 2 1 1 0 0 0 1 0 0 0 0 0 0
127 2 0 0 0 0 0 1 0 0 0 0 0 0
128 2 0 0 0 0 0 1 0 0 0 0 0 0
129 2 0 0 0 0 0 1 0 0 0 0 0 0
192 4 0 0 3 0 0 0 0 0 0 0 0 0
fn=std::__timepunct<wchar_t>::_M_initialize_timepunct(__locale_struct*)
222 4 1 1 0 0 0 2 0 0 0 0 0 0
223 2 0 0 1 0 0 0 0 0 1 0 0 0
226 2 0 0 1 0 0 0 0 0 1 1 0 0
229 2 1 1 0 0 0 2 0 0 0 0 0 0
231 3 1 1 1 0 0 1 0 0 0 0 0 0
232 1 0 0 0 0 0 1 0 0 0 0 0 0
233 2 0 0 0 0 0 1 0 0 0 0 0 0
234 1 0 0 0 0 0 1 0 0 0 0 0 0
235 2 0 0 0 0 0 1 0 0 0 0 0 0
236 1 0 0 0 0 0 1 0 0 0 0 0 0
237 2 0 0 0 0 0 1 0 0 0 0 0 0
238 2 0 0 0 0 0 1 0 0 0 0 0 0
239 1 0 0 0 0 0 1 0 0 0 0 0 0
242 2 0 0 0 0 0 1 0 0 0 0 0 0
243 2 0 0 0 0 0 1 0 0 0 0 0 0
244 2 1 1 0 0 0 1 0 0 0 0 0 0
245 2 0 0 0 0 0 1 0 0 0 0 0 0
246 2 0 0 0 0 0 1 0 0 0 0 0 0
247 2 0 0 0 0 0 1 0 0 0 0 0 0
248 2 1 1 0 0 0 1 0 0 0 0 0 0
251 2 0 0 0 0 0 1 0 0 0 0 0 0
252 2 0 0 0 0 0 1 0 0 0 0 0 0
253 2 0 0 0 0 0 1 0 0 0 0 0 0
254 2 1 1 0 0 0 1 0 0 0 0 0 0
255 2 0 0 0 0 0 1 0 0 0 0 0 0
256 2 0 0 0 0 0 1 0 0 0 0 0 0
257 2 0 0 0 0 0 1 0 0 0 0 0 0
260 2 0 0 0 0 0 1 0 0 0 0 0 0
261 2 1 1 0 0 0 1 0 0 0 0 0 0
262 2 0 0 0 0 0 1 0 0 0 0 0 0
263 2 0 0 0 0 0 1 0 0 0 0 0 0
264 2 0 0 0 0 0 1 0 0 0 0 0 0
265 2 0 0 0 0 0 1 0 0 0 0 0 0
266 2 1 1 0 0 0 1 0 0 0 0 0 0
267 2 0 0 0 0 0 1 0 0 0 0 0 0
268 2 0 0 0 0 0 1 0 0 0 0 0 0
269 2 0 0 0 0 0 1 0 0 0 0 0 0
270 2 1 1 0 0 0 1 0 0 0 0 0 0
271 2 0 0 0 0 0 1 0 0 0 0 0 0
274 2 0 0 0 0 0 1 0 0 0 0 0 0
275 2 0 0 0 0 0 1 0 0 0 0 0 0
276 2 0 0 0 0 0 1 0 0 0 0 0 0
277 2 1 1 0 0 0 1 0 0 0 0 0 0
278 1 0 0 0 0 0 1 0 0 0 0 0 0
279 2 0 0 0 0 0 1 0 0 0 0 0 0
280 2 0 0 0 0 0 1 0 0 0 0 0 0
281 2 0 0 0 0 0 1 0 0 0 0 0 0
282 2 0 0 0 0 0 1 0 0 0 0 0 0
283 2 1 1 0 0 0 1 0 0 0 0 0 0
284 2 0 0 0 0 0 1 0 0 0 0 0 0
285 2 0 0 0 0 0 1 0 0 0 0 0 0
396 3 0 0 2 0 0 0 0 0 0 0 0 0
fl=/build/gcc/src/gcc/libgcc/config/i386/cpuinfo.c
fn=__cpu_indicator_init@GCC_4.8.0
113 2 1 1 0 0 0 0 0 0 1 0 0 0
121 7 0 0 1 1 1 0 0 0 1 0 1 1
172 3 2 2 0 0 0 1 0 0 0 0 0 0
312 2 0 0 0 0 0 2 0 0 0 0 0 0
321 4 1 1 2 1 0 0 0 0 1 1 0 0
322 1 0 0 0 0 0 0 0 0 0 0 0 0
334 2 0 0 0 0 0 0 0 0 1 0 0 0
346 3 0 0 0 0 0 0 0 0 0 0 0 0
347 3 0 0 0 0 0 0 0 0 0 0 0 0
348 1 0 0 0 0 0 0 0 0 0 0 0 0
349 3 0 0 0 0 0 0 0 0 0 0 0 0
352 2 0 0 0 0 0 0 0 0 1 1 0 0
355 2 1 1 0 0 0 0 0 0 1 0 0 0
360 2 0 0 0 0 0 0 0 0 1 1 0 0
361 1 0 0 0 0 0 0 0 0 0 0 0 0
366 3 0 0 0 0 0 1 0 0 0 0 0 0
367 2 0 0 0 0 0 1 0 0 0 0 0 0
391 1 0 0 0 0 0 0 0 0 0 0 0 0
392 4 0 0 3 0 0 0 0 0 0 0 0 0
fn=get_available_features
217 1 0 0 0 0 0 1 0 0 0 0 0 0
223 3 1 1 0 0 0 0 0 0 0 0 0 0
226 4 0 0 0 0 0 0 0 0 0 0 0 0
228 4 0 0 0 0 0 0 0 0 0 0 0 0
230 4 0 0 0 0 0 0 0 0 0 0 0 0
232 4 1 1 0 0 0 0 0 0 0 0 0 0
234 4 0 0 0 0 0 0 0 0 0 0 0 0
236 4 0 0 0 0 0 0 0 0 0 0 0 0
238 4 0 0 0 0 0 0 0 0 0 0 0 0
240 4 1 1 0 0 0 0 0 0 0 0 0 0
242 4 0 0 0 0 0 0 0 0 0 0 0 0
244 4 0 0 0 0 0 0 0 0 0 0 0 0
246 4 0 0 0 0 0 0 0 0 0 0 0 0
248 4 1 1 0 0 0 0 0 0 0 0 0 0
251 2 0 0 0 0 0 0 0 0 1 0 0 0
253 3 0 0 0 0 0 0 0 0 0 0 0 0
254 2 0 0 0 0 0 0 0 0 1 0 0 0
255 1 0 0 0 0 0 0 0 0 0 0 0 0
256 2 0 0 0 0 0 0 0 0 1 1 0 0
257 1 0 0 0 0 0 0 0 0 0 0 0 0
258 2 0 0 0 0 0 0 0 0 1 0 0 0
259 1 1 1 0 0 0 0 0 0 0 0 0 0
260 2 0 0 0 0 0 0 0 0 1 1 0 0
262 2 0 0 0 0 0 0 0 0 1 0 0 0
264 2 0 0 0 0 0 0 0 0 1 1 0 0
266 2 0 0 0 0 0 0 0 0 1 1 0 0
268 2 0 0 0 0 0 0 0 0 1 1 0 0
270 2 1 1 0 0 0 0 0 0 1 1 0 0
272 2 0 0 0 0 0 0 0 0 1 1 0 0
274 2 0 0 0 0 0 0 0 0 1 1 0 0
276 2 0 0 0 0 0 0 0 0 1 1 0 0
278 2 1 1 0 0 0 0 0 0 1 1 0 0
280 2 0 0 0 0 0 0 0 0 1 1 0 0
282 2 0 0 0 0 0 0 0 0 1 0 0 0
287 2 0 0 0 0 0 0 0 0 0 0 0 0
289 2 0 0 0 0 0 0 0 0 1 0 0 0
291 2 0 0 0 0 0 0 0 0 0 0 0 0
293 2 0 0 0 0 0 0 0 0 1 1 0 0
295 2 1 1 0 0 0 0 0 0 1 1 0 0
297 2 0 0 0 0 0 0 0 0 1 1 0 0
301 2 0 0 1 0 0 1 0 0 0 0 0 0
302 2 0 0 2 0 0 0 0 0 0 0 0 0
fl=/build/gcc/src/gcc/libstdc++-v3/libsupc++/del_op.cc
fn=operator delete(void*)
49 2 1 1 0 0 0 0 0 0 0 0 0 0
fl=/build/gcc/src/gcc/libstdc++-v3/libsupc++/dyncast.cc
fn=__dynamic_cast
49 480 1 1 48 0 0 240 0 0 0 0 0 0
50 48 1 1 48 3 0 0 0 0 0 0 0 0
56 48 0 0 48 2 0 0 0 0 0 0 0 0
68 192 1 1 96 0 0 0 0 0 48 0 0 0
71 480 0 0 48 2 0 144 0 0 0 0 48 8
72 48 0 0 48 5 0 0 0 0 0 0 0 0
73 288 0 0 144 0 0 0 0 0 48 0 0 0
75 144 0 0 48 0 0 0 0 0 48 2 0 0
95 432 2 2 336 0 0 0 0 0 48 0 0 0
fl=/build/gcc/src/gcc/libstdc++-v3/libsupc++/eh_alloc.cc
fn=_GLOBAL__sub_I_eh_alloc.cc
121 1 0 0 0 0 0 1 0 0 0 0 0 0
123 3 0 0 0 0 0 2 1 0 0 0 0 0
124 2 0 0 0 0 0 0 0 0 1 1 0 0
133 1 0 0 0 0 0 1 0 0 0 0 0 0
135 1 0 0 0 0 0 1 0 0 0 0 0 0
136 1 0 0 0 0 0 1 0 0 0 0 0 0
326 3 0 0 1 1 0 0 0 0 0 0 0 0
fl=/build/gcc/src/gcc/libstdc++-v3/libsupc++/guard.cc
fn=__cxa_guard_acquire
120 1 0 0 1 0 0 0 0 0 0 0 0 0
213 1 0 0 0 0 0 1 0 0 0 0 0 0
232 2 1 1 1 0 0 0 0 0 1 0 0 0
235 2 0 0 1 0 0 0 0 0 1 0 0 0
239 2 0 0 0 0 0 0 0 0 0 0 0 0
244 8 2 2 1 0 0 5 0 0 0 0 0 0
249 2 0 0 0 0 0 0 0 0 1 0 0 0
255 3 0 0 1 1 0 0 0 0 1 1 0 0
346 9 0 0 7 0 0 0 0 0 1 0 0 0
fn=__cxa_guard_release
136 2 1 1 0 0 0 1 0 0 0 0 0 0
213 1 1 1 0 0 0 1 0 0 0 0 0 0
389 4 1 1 1 0 0 1 0 0 0 0 0 0
393 2 0 0 1 0 0 0 0 0 1 1 0 0
426 5 0 0 3 0 0 0 0 0 1 0 0 0
fl=/build/gcc/src/gcc/libstdc++-v3/libsupc++/new_op.cc
fn=operator new(unsigned long)
43 4 1 1 0 0 0 2 0 0 0 0 0 0
48 6 0 0 0 0 0 0 0 0 0 0 0 0
50 8 0 0 0 0 0 2 0 0 2 0 0 0
59 4 0 0 4 0 0 0 0 0 0 0 0 0
fl=/build/gcc/src/gcc/libstdc++-v3/libsupc++/si_class_type_info.cc
fn=__cxxabiv1::__si_class_type_info::__do_dyncast(long, __cxxabiv1::__class_type_info::__sub_kind, __cxxabiv1::__class_type_info const*, void const*, __cxxabiv1::__class_type_info const*, void const*, __cxxabiv1::__class_type_info::__dyncast_result&) const
51 480 1 1 160 0 0 240 0 0 0 0 0 0
54 40 0 0 0 0 0 40 0 0 0 0 0 0
55 40 0 0 0 0 0 40 0 0 0 0 0 0
56 80 1 1 0 0 0 0 0 0 40 0 0 0
57 40 0 0 0 0 0 40 0 0 0 0 0 0
58 160 0 0 0 0 0 0 0 0 0 0 0 0
72 360 1 1 280 0 0 0 0 0 0 0 0 0
fl=/build/gcc/src/gcc/libstdc++-v3/libsupc++/tinfo.h
fn=__cxxabiv1::__si_class_type_info::__do_dyncast(long, __cxxabiv1::__class_type_info::__sub_kind, __cxxabiv1::__class_type_info const*, void const*, __cxxabiv1::__class_type_info const*, void const*, __cxxabiv1::__class_type_info::__dyncast_result&) const
68 40 0 0 0 0 0 0 0 0 0 0 0 0
fn=__cxxabiv1::__vmi_class_type_info::__do_dyncast(long, __cxxabiv1::__class_type_info::__sub_kind, __cxxabiv1::__class_type_info const*, void const*, __cxxabiv1::__class_type_info const*, void const*, __cxxabiv1::__class_type_info::__dyncast_result&) const
68 16 0 0 0 0 0 0 0 0 0 0 0 0
fn=__dynamic_cast
68 96 0 0 48 6 0 0 0 0 0 0 0 0
101 96 0 0 0 0 0 0 0 0 0 0 0 0
150 240 0 0 0 0 0 240 0 0 0 0 0 0
fl=/build/gcc/src/gcc/libstdc++-v3/libsupc++/typeinfo
fn=__cxxabiv1::__si_class_type_info::__do_dyncast(long, __cxxabiv1::__class_type_info::__sub_kind, __cxxabiv1::__class_type_info const*, void const*, __cxxabiv1::__class_type_info const*, void const*, __cxxabiv1::__class_type_info::__dyncast_result&) const
123 80 0 0 0 0 0 0 0 0 40 6 0 0
fn=__cxxabiv1::__vmi_class_type_info::__do_dyncast(long, __cxxabiv1::__class_type_info::__sub_kind, __cxxabiv1::__class_type_info const*, void const*, __cxxabiv1::__class_type_info const*, void const*, __cxxabiv1::__class_type_info::__dyncast_result&) const
123 88 1 1 24 1 1 0 0 0 32 2 0 0
124 16 0 0 0 0 0 8 0 0 0 0 0 0
fl=/build/gcc/src/gcc/libstdc++-v3/libsupc++/vmi_class_type_info.cc
fn=__cxxabiv1::__vmi_class_type_info::__do_dyncast(long, __cxxabiv1::__class_type_info::__sub_kind, __cxxabiv1::__class_type_info const*, void const*, __cxxabiv1::__class_type_info const*, void const*, __cxxabiv1::__class_type_info::__dyncast_result&) const
87 152 2 2 24 0 0 104 0 0 0 0 0 0
88 16 0 0 8 0 0 0 0 0 8 0 0 0
89 16 0 0 8 1 0 8 0 0 0 0 0 0
91 32 0 0 24 0 0 0 0 0 8 5 0 0
100 8 0 0 0 0 0 8 0 0 0 0 0 0
101 16 0 0 8 0 0 8 0 0 0 0 0 0
102 24 0 0 8 0 0 0 0 0 8 0 0 0
103 8 0 0 0 0 0 8 0 0 0 0 0 0
104 32 1 1 8 0 0 0 0 0 0 0 0 0
107 8 0 0 0 0 0 8 0 0 0 0 0 0
251 16 1 1 16 1 0 0 0 0 0 0 0 0
302 96 0 0 80 0 0 0 0 0 8 0 0 0
fl=/build/gcc/src/gcc/libstdc++-v3/src/c++11/compatibility-c++0x.cc
fn=_GLOBAL__sub_I_compatibility_c__0x.cc
184 4 0 0 0 0 0 2 0 0 0 0 0 0
199 4 0 0 0 0 0 2 0 0 0 0 0 0
214 6 1 1 0 0 0 2 1 0 0 0 0 0
215 6 1 1 0 0 0 1 0 0 0 0 0 0
257 2 1 1 1 0 0 1 0 0 0 0 0 0
fn=std::(anonymous namespace)::generic_error_category::~generic_error_category()
184 3 0 0 0 0 0 1 0 0 0 0 0 0
fn=std::(anonymous namespace)::system_error_category::~system_error_category()
199 3 1 1 0 0 0 1 0 0 0 0 0 0
fn=std::error_category::error_category()
135 8 1 1 4 1 0 2 0 0 0 0 0 0
fn=std::error_category::~error_category()
135 2 1 0 2 0 0 0 0 0 0 0 0 0
fl=/build/gcc/src/gcc/libstdc++-v3/src/c++11/compatibility-thread-c++0x.cc
fn=_GLOBAL__sub_I_compatibility_thread_c__0x.cc
50 3 1 1 1 1 0 2 1 0 0 0 0 0
200 3 0 0 1 0 0 0 0 0 0 0 0 0
fl=/build/gcc/src/gcc/libstdc++-v3/src/c++11/cow-locale_init.cc
fn=std::locale::_Impl::_M_init_extra(std::locale::facet**)
100 9 1 1 0 0 0 6 0 0 0 0 0 0
101 1 0 0 1 0 0 0 0 0 0 0 0 0
102 1 0 0 1 0 0 0 0 0 0 0 0 0
103 1 0 0 1 0 0 0 0 0 0 0 0 0
112 3 0 0 0 0 0 1 0 0 0 0 0 0
114 2 1 1 1 0 0 1 0 0 0 0 0 0
115 2 0 0 1 0 0 1 0 0 0 0 0 0
116 1 0 0 1 0 0 0 0 0 0 0 0 0
125 3 0 0 0 0 0 1 0 0 0 0 0 0
128 6 1 1 3 0 0 3 0 0 0 0 0 0
129 4 0 0 2 0 0 2 0 0 0 0 0 0
130 4 1 1 2 0 0 2 0 0 0 0 0 0
132 5 0 0 3 0 0 2 0 0 0 0 0 0
133 5 1 1 3 0 0 2 0 0 0 0 0 0
134 4 0 0 1 0 0 2 0 0 0 0 0 0
136 8 0 0 7 0 0 0 0 0 0 0 0 0
fl=/build/gcc/src/gcc/libstdc++-v3/src/c++11/ctype.cc
fn=std::ctype<char>::_M_widen_init() const
90 10 2 2 1 0 0 4 0 0 0 0 0 0
92 768 0 0 0 0 0 0 0 0 256 10 0 0
93 256 0 0 0 0 0 256 0 0 0 0 0 0
94 5 0 0 3 1 0 0 0 0 1 0 0 0
96 1 0 0 0 0 0 1 0 0 0 0 0 0
98 6 0 0 0 0 0 1 0 0 1 0 0 0
100 8 0 0 6 0 0 0 0 0 1 0 0 0
fn=std::ctype<wchar_t>::ctype(unsigned long)
103 4 1 1 0 0 0 2 0 0 0 0 0 0
105 6 1 1 1 0 0 4 0 0 0 0 0 0
106 5 0 0 2 0 0 0 0 0 0 0 0 0
fl=/build/gcc/src/gcc/libstdc++-v3/src/c++11/future.cc
fn=(anonymous namespace)::future_error_category::~future_error_category()
30 3 1 1 0 0 0 1 1 0 0 0 0 0
fn=std::future_category()
65 13 3 3 1 1 1 3 0 0 2 1 0 0
79 4 0 0 1 0 0 0 0 0 0 0 0 0
fl=/build/gcc/src/gcc/libstdc++-v3/src/c++11/ios.cc
fn=std::ios_base::ios_base()
95 248 2 2 8 0 0 72 11 9 64 26 0 0
fl=/build/gcc/src/gcc/libstdc++-v3/src/c++11/locale-inst.cc
fn=_GLOBAL__sub_I_cxx11_locale_inst.cc
380 1 0 0 1 0 0 0 0 0 0 0 0 0
fn=_GLOBAL__sub_I_cxx11_wlocale_inst.cc
380 1 0 0 1 0 0 0 0 0 0 0 0 0
fn=_GLOBAL__sub_I_locale_inst.cc
380 1 0 0 1 0 0 0 0 0 0 0 0 0
fn=_GLOBAL__sub_I_wlocale_inst.cc
380 1 0 0 1 0 0 0 0 0 0 0 0 0
fl=/build/gcc/src/gcc/libstdc++-v3/src/c++11/system_error.cc
fn=(anonymous namespace)::generic_error_category::~generic_error_category()
38 3 1 1 0 0 0 1 0 0 0 0 0 0
fn=(anonymous namespace)::system_error_category::~system_error_category()
54 3 1 1 0 0 0 1 0 0 0 0 0 0
fn=_GLOBAL__sub_I_system_error.cc
70 4 1 1 0 0 0 1 0 0 0 0 0 0
71 4 0 0 0 0 0 0 0 0 0 0 0 0
122 2 0 0 0 0 0 0 0 0 0 0 0 0
fl=/build/gcc/src/gcc/libstdc++-v3/src/c++98/bitmap_allocator.cc
fn=_GLOBAL__sub_I_bitmap_allocator.cc
127 1 0 0 1 0 0 0 0 0 0 0 0 0
fl=/build/gcc/src/gcc/libstdc++-v3/src/c++98/codecvt.cc
fn=std::codecvt<char, char, __mbstate_t>::codecvt(unsigned long)
38 4 1 1 0 0 0 2 0 0 0 0 0 0
41 5 0 0 1 0 0 3 1 1 0 0 0 0
42 4 1 1 3 0 0 0 0 0 0 0 0 0
fn=std::codecvt<wchar_t, char, __mbstate_t>::codecvt(unsigned long)
118 4 1 1 0 0 0 2 0 0 0 0 0 0
121 5 0 0 1 0 0 3 0 0 0 0 0 0
122 4 0 0 3 0 0 0 0 0 0 0 0 0
fl=/build/gcc/src/gcc/libstdc++-v3/src/c++98/ios_init.cc
fn=std::ios_base::Init::Init()
78 14 1 1 0 0 0 12 0 0 0 0 0 0
80 4 0 0 0 0 0 0 0 0 2 1 0 0
83 2 0 0 0 0 0 1 1 0 0 0 0 0
85 2 0 0 2 2 0 0 0 0 0 0 0 0
86 2 0 0 2 2 0 0 0 0 0 0 0 0
87 2 0 0 2 1 0 0 0 0 0 0 0 0
102 2 0 0 2 0 0 0 0 0 0 0 0 0
103 2 0 0 2 0 0 0 0 0 0 0 0 0
104 2 0 0 2 0 0 0 0 0 0 0 0 0
121 16 0 0 14 1 0 0 0 0 0 0 0 0
fn=std::ios_base::Init::~Init()
123 1 0 0 0 0 0 0 0 0 0 0 0 0
127 5 0 0 1 0 0 0 0 0 2 1 0 0
134 2 0 0 1 0 0 1 0 0 0 0 0 0
135 2 0 0 1 1 0 1 0 0 0 0 0 0
136 2 0 0 1 1 0 1 0 0 0 0 0 0
139 2 1 1 1 0 0 1 0 0 0 0 0 0
140 2 0 0 1 1 0 1 0 0 0 0 0 0
141 2 0 0 1 0 0 1 0 0 0 0 0 0
147 2 0 0 1 0 0 0 0 0 0 0 0 0
fl=/build/gcc/src/gcc/libstdc++-v3/src/c++98/ios_locale.cc
fn=std::ios_base::_M_init()
39 56 1 1 8 0 0 24 0 0 0 0 0 0
41 8 0 0 0 0 0 8 0 0 0 0 0 0
42 8 0 0 0 0 0 8 0 0 0 0 0 0
43 8 0 0 0 0 0 8 0 0 0 0 0 0
44 64 1 1 0 0 0 24 0 0 0 0 0 0
45 56 0 0 40 0 0 0 0 0 8 0 0 0
fl=/build/gcc/src/gcc/libstdc++-v3/src/c++98/locale.cc
fn=std::locale::_Impl::_M_install_facet(std::locale::id const*, std::locale::facet const*)
314 270 1 1 0 0 0 180 0 0 0 0 0 0
315 60 1 1 0 0 0 0 0 0 30 0 0 0
317 90 0 0 0 0 0 30 0 0 0 0 0 0
320 120 0 0 30 0 0 0 0 0 30 9 0 0
358 60 1 1 30 0 0 0 0 0 0 0 0 0
359 90 0 0 30 0 0 0 0 0 30 6 0 0
395 30 0 0 0 0 0 30 0 0 0 0 0 0
410 4290 1 1 1440 0 0 0 0 0 1410 30 0 0
412 2760 1 1 1380 0 0 0 0 0 0 0 0 0
413 2760 0 0 0 0 0 0 0 0 1380 8 0 0
420 240 0 0 210 0 0 0 0 0 0 0 0 0
fn=std::locale::facet::_S_get_c_locale()
207 14 0 0 0 0 0 14 0 0 0 0 0 0
209 28 1 1 14 0 0 0 0 0 14 1 0 0
214 56 0 0 14 0 0 0 0 0 14 1 0 0
215 2 0 0 1 0 0 1 0 0 0 0 0 0
218 28 0 0 28 0 0 0 0 0 0 0 0 0
fn=std::locale::facet::_S_get_c_name()
222 14 1 1 7 0 0 0 0 0 0 0 0 0
fn=std::locale::facet::_S_initialize_once()
202 4 1 1 0 0 0 0 0 0 0 0 0 0
fn=std::locale::id::_M_id() const
472 327 1 1 109 9 4 0 0 0 109 15 0 0
494 92 0 0 0 0 0 46 0 0 0 0 0 0
497 109 0 0 0 0 0 0 0 0 0 0 0 0
498 109 0 0 109 0 0 0 0 0 0 0 0 0
fn=std::locale::operator=(std::locale const&)
114 24 1 1 0 0 0 8 0 0 0 0 0 0
115 8 0 0 8 0 0 0 0 0 0 0 0 0
116 8 0 0 8 0 0 0 0 0 0 0 0 0
117 16 0 0 8 0 0 8 0 0 0 0 0 0
119 24 0 0 16 0 0 0 0 0 0 0 0 0
fn=std::locale::~locale()
88 8 0 0 0 0 0 8 0 0 0 0 0 0
89 24 0 0 24 0 0 0 0 0 0 0 0 0
fl=/build/gcc/src/gcc/libstdc++-v3/src/c++98/locale_init.cc
fn=std::locale::_Impl::_Impl(unsigned long)
459 15 2 2 1 0 0 7 0 0 0 0 0 0
462 2 0 0 0 0 0 2 1 1 0 0 0 0
464 189 1 1 0 0 0 47 6 6 46 10 0 0
465 189 0 0 0 0 0 47 6 6 46 10 0 0
468 49 1 1 0 0 0 13 3 3 12 9 0 0
469 2 0 0 0 0 0 1 0 0 0 0 0 0
470 3 1 1 1 1 1 2 0 0 0 0 0 0
479 5 0 0 0 0 0 1 0 0 0 0 0 0
480 3 0 0 0 0 0 1 0 0 0 0 0 0
502 4 1 1 0 0 0 1 0 0 0 0 0 0
506 3 0 0 0 0 0 1 0 0 0 0 0 0
509 3 0 0 0 0 0 1 0 0 0 0 0 0
510 3 1 1 0 0 0 1 0 0 0 0 0 0
532 4 0 0 0 0 0 1 0 0 0 0 0 0
536 3 0 0 0 0 0 1 0 0 0 0 0 0
549 7 0 0 0 0 0 6 1 0 0 0 0 0
551 3 1 1 0 0 0 1 0 0 0 0 0 0
556 6 0 0 3 0 0 3 0 0 0 0 0 0
557 4 0 0 2 0 0 2 0 0 0 0 0 0
558 4 1 1 2 0 0 2 0 0 0 0 0 0
559 5 0 0 2 1 0 2 0 0 0 0 0 0
561 4 0 0 2 0 0 2 0 0 0 0 0 0
562 4 1 1 2 0 0 2 0 0 0 0 0 0
563 5 0 0 2 0 0 2 0 0 0 0 0 0
564 5 1 1 2 0 0 2 0 0 0 0 0 0
566 11 0 0 9 2 0 0 0 0 1 0 0 0
fn=std::locale::_S_initialize()
315 44 1 1 22 0 0 0 0 0 22 11 0 0
318 87 1 1 43 1 1 0 0 0 22 1 0 0
319 1 0 0 0 0 0 0 0 0 0 0 0 0
fn=std::locale::_S_initialize_once()
304 1 0 0 0 0 0 0 0 0 0 0 0 0
307 6 1 1 0 0 0 2 0 0 0 0 0 0
308 2 0 0 0 0 0 1 0 0 0 0 0 0
309 2 0 0 1 0 0 0 0 0 0 0 0 0
fn=std::locale::locale()
248 110 1 1 0 0 0 88 0 0 0 0 0 0
250 22 0 0 0 0 0 22 0 0 0 0 0 0
261 66 1 0 22 0 0 22 1 0 0 0 0 0
262 66 1 1 22 0 0 0 0 0 22 9 0 0
270 88 0 0 88 0 0 0 0 0 0 0 0 0
fl=/build/gcc/src/gcc/libstdc++-v3/src/c++98/parallel_settings.cc
fn=_GLOBAL__sub_I_parallel_settings.cc
42 1 0 0 1 0 0 0 0 0 0 0 0 0
fl=/usr/include/wchar.h
fn=std::ctype<wchar_t>::_M_initialize_ctype()
394 512 0 0 0 0 0 256 0 0 0 0 0 0
400 256 0 0 0 0 0 128 0 0 0 0 0 0
fl=???
fn=(below main)
0 56 5 5 16 6 0 16 0 0 7 2 2 2
fn=???
0 1494 129 108 1119 96 0 232 1 1 25 16 955 224
fn=_Exit
0 8 2 2 1 0 0 0 0 0 0 0 0 0
fn=_GLOBAL__sub_I_FileHandler.cpp
0 7 1 1 2 0 0 2 0 0 0 0 0 0
fn=_GLOBAL__sub_I__Z5solveNSt7__cxx1112basic_stringIcSt11char_traitsIcESaIcEEES4_
0 7 1 1 2 0 0 2 0 0 0 0 0 0
fn=_IO_cleanup
0 108 8 8 33 0 0 18 0 0 22 10 1 1
fn=_IO_default_setbuf
0 51 4 4 9 0 0 15 0 0 5 1 1 1
fn=_IO_default_xsputn
0 111 5 5 22 0 0 20 0 0 18 8 0 0
fn=_IO_do_write@@GLIBC_2.2.5
0 15 2 2 3 0 0 2 0 0 2 1 0 0
fn=_IO_doallocbuf
0 25 3 3 8 1 0 4 0 0 4 3 1 1
fn=_IO_file_doallocate
0 51 4 4 13 2 0 7 0 0 7 1 2 2
fn=_IO_file_overflow@@GLIBC_2.2.5
0 49 6 6 11 0 0 13 0 0 8 3 0 0
fn=_IO_file_setbuf@@GLIBC_2.2.5
0 15 2 2 3 0 0 8 0 0 1 0 0 0
fn=_IO_file_stat
0 4 1 1 1 0 0 0 0 0 0 0 0 0
fn=_IO_file_sync@@GLIBC_2.2.5
0 129 4 4 50 1 1 22 0 0 16 8 0 0
fn=_IO_file_write@@GLIBC_2.2.5
0 37 2 2 9 0 0 6 0 0 5 3 0 0
fn=_IO_file_xsputn@@GLIBC_2.2.5
0 159 6 6 34 1 0 24 0 0 18 0 1 1
fn=_IO_flush_all_lockp
0 103 10 10 30 4 3 15 0 0 23 15 0 0
fn=_IO_setb
0 18 2 2 4 0 0 4 0 0 1 1 0 0
fn=__GI_memcmp
0 1012 5 5 169 0 0 0 0 0 338 25 0 0
fn=__GI_mempcpy
0 6 1 1 0 0 0 0 0 0 0 0 0 0
fn=__acos_finite
0 5 1 1 3 0 0 0 0 0 1 0 0 0
fn=__asin_finite
0 5 1 1 3 0 0 0 0 0 1 0 0 0
fn=__atan2_finite
0 8 2 2 3 0 0 0 0 0 2 1 0 0
fn=__call_tls_dtors
0 11 2 2 5 0 0 2 0 0 1 1 0 0
fn=__ctype_init
0 16 2 2 10 4 0 3 0 0 0 0 0 0
fn=__cxa_atexit
0 176 3 2 40 0 0 64 4 0 8 0 0 0
fn=__cxa_finalize
0 485 5 5 120 4 0 35 0 0 125 26 5 5
fn=__default_morecore
0 14 1 1 2 0 0 2 1 0 0 0 0 0
fn=__exp_finite
0 8 2 2 3 0 0 0 0 0 2 1 0 0
fn=__gconv_btwoc_ascii
0 640 1 1 128 0 0 0 0 0 0 0 0 0
fn=__init_misc
0 24 2 2 7 2 0 5 1 0 3 0 0 0
fn=__libc_csu_init
0 48 2 2 11 3 0 10 0 0 4 2 4 4
fn=__log_finite
0 8 1 1 3 0 0 0 0 0 2 1 0 0
fn=__memcmp_sse4_1
0 111 12 12 38 1 1 0 0 0 24 4 1 1
fn=__memcpy_avx_unaligned_erms
0 32 3 3 9 0 0 6 0 0 7 6 0 0
fn=__memcpy_sse2_unaligned_erms
0 19 1 1 5 0 0 3 0 0 6 1 0 0
fn=__new_exitfn
0 346 12 7 88 16 2 33 1 0 63 32 0 0
fn=__pow_finite
0 5 1 1 3 0 0 0 0 0 1 0 0 0
fn=__run_exit_handlers
0 168 5 5 24 1 0 19 0 0 36 7 4 3
fn=__sigjmp_save
0 8 1 1 2 0 0 2 0 0 1 1 0 0
fn=__sigsetjmp
0 265 4 4 69 0 0 112 3 1 0 0 0 0
fn=__static_initialization_and_destruction_0(int, int)
0 38 4 2 10 2 0 10 0 0 4 0 0 0
fn=__strcmp_ssse3
0 192 3 3 56 1 1 0 0 0 24 3 0 0
fn=__syscall_clock_gettime
0 6 1 1 2 0 0 0 0 0 0 0 0 0
fn=__unregister_atfork
0 80 2 2 35 0 0 15 0 0 10 0 0 0
fn=__write_nocancel
0 5 0 0 1 0 0 0 0 0 1 0 0 0
fn=_dl_add_to_namespace_list
0 244 2 2 68 0 0 47 0 0 26 13 12 2
fn=_dl_add_to_slotinfo
0 40 3 3 16 5 0 10 2 0 2 0 0 0
fn=_dl_addr
0 57865 9 9 13850 1049 846 17 2 0 12993 1982 3 3
fn=_dl_allocate_tls_init
0 144 8 8 42 4 0 21 1 1 20 5 0 0
fn=_dl_allocate_tls_storage
0 323 3 3 7 0 0 295 37 37 290 10 1 1
fn=_dl_cache_libcmp
0 3506 3 3 551 36 36 0 0 0 992 60 0 0
fn=_dl_catch_error
0 481 4 4 117 0 0 234 5 5 13 0 13 2
fn=_dl_check_all_versions
0 110 2 2 19 0 0 11 0 0 15 5 0 0
fn=_dl_check_map_versions
0 4929 14 14 1579 29 25 600 49 48 594 120 6 1
fn=_dl_count_modids
0 4 2 2 3 0 0 0 0 0 1 0 0 0
fn=_dl_debug_initialize
0 65 6 3 22 2 1 4 0 0 21 20 0 0
fn=_dl_debug_state
0 2 2 1 2 0 0 0 0 0 0 0 0 0
fn=_dl_determine_tlsoffset
0 98 6 6 18 0 0 10 0 0 11 5 0 0
fn=_dl_discover_osversion
0 90 4 4 13 1 1 4 1 1 16 6 0 0
fn=_dl_find_dso_for_object
0 64 3 3 26 3 0 4 0 0 21 10 0 0
fn=_dl_fini
0 430 11 11 140 30 0 49 5 0 89 17 12 12
fn=_dl_fixup
0 7475 6 6 2716 312 46 585 2 1 873 8 3 3
fn=_dl_higher_prime_number
0 151 1 1 14 4 2 0 0 0 20 14 0 0
fn=_dl_important_hwcaps
0 277 18 18 56 0 0 42 4 4 32 14 1 1
fn=_dl_init
0 116 5 5 33 6 0 14 0 0 18 9 0 0
fn=_dl_init_paths
0 93 9 9 16 0 0 28 1 1 12 6 2 2
fn=_dl_load_cache_lookup
0 1247 14 14 172 33 33 116 2 2 235 35 0 0
fn=_dl_lookup_symbol_x
0 931404 12 12 153143 1924 1601 51193 14 1 116936 2212 0 0
fn=_dl_map_object
0 2341 24 24 518 0 0 328 9 9 431 71 0 0
fn=_dl_map_object_deps
0 2743 37 37 585 16 1 224 5 5 655 111 18 3
fn=_dl_map_object_from_fd
0 4418 46 46 1020 43 43 522 48 48 905 165 0 0
fn=_dl_mcount_wrapper_check
0 512 2 2 384 0 0 0 0 0 128 2 0 0
fn=_dl_name_match_p
0 9737 3 3 2519 34 0 1448 3 2 1445 47 0 0
fn=_dl_new_object
0 1148 14 14 222 7 7 226 43 43 161 58 11 2
fn=_dl_next_ld_env_entry
0 448 2 2 157 26 26 1 0 0 153 34 0 0
fn=_dl_next_tls_modid
0 12 2 2 6 0 0 2 0 0 2 0 0 0
fn=_dl_protect_relro
0 147 2 2 42 2 0 14 0 0 14 2 0 0
fn=_dl_receive_error
0 15 0 0 5 0 0 7 0 0 0 0 1 1
fn=_dl_relocate_object
0 334993 53 53 84728 5308 3868 27495 1584 871 59127 1233 3275 38
fn=_dl_runtime_resolve_avx_slow
0 1164 2 2 0 0 0 0 0 0 97 3 0 0
fn=_dl_runtime_resolve_sse_vex
0 4850 5 5 1746 0 0 1649 3 1 0 0 97 97
fn=_dl_setup_hash
0 161 3 3 49 9 9 42 1 1 14 0 0 0
fn=_dl_sort_fini
0 601 8 8 160 5 0 34 0 0 130 40 0 0
fn=_dl_start
0 617 20 19 132 22 20 49 17 17 118 32 7 1
fn=_dl_sysdep_read_whole_file
0 41 3 3 6 1 1 9 1 1 3 1 0 0
fn=_dl_sysdep_start
0 592 26 25 156 21 19 51 5 5 132 32 19 15
fn=_dl_sysdep_start_cleanup
0 1 1 1 1 0 0 0 0 0 0 0 0 0
fn=_dl_unload_cache
0 10 1 1 3 1 0 2 0 0 1 1 0 0
fn=_dl_vdso_vsym
0 68 3 3 24 2 0 4 0 0 8 3 0 0
fn=_fxstat
0 63 2 2 7 0 0 0 0 0 14 0 0 0
fn=_init
0 99 6 6 17 5 0 17 3 3 8 5 0 0
fn=_int_free
0 156 7 7 40 1 0 16 0 0 32 8 0 0
fn=_int_malloc
0 540 35 24 81 7 1 94 2 2 71 38 0 0
fn=_setjmp
0 2 1 1 0 0 0 0 0 0 0 0 0 0
fn=_start
0 11 2 2 2 1 0 3 0 0 0 0 1 1
fn=access
0 9 1 1 1 0 0 1 0 0 1 1 0 0
fn=allocate_dtv
0 19 2 2 5 0 0 5 0 0 1 0 1 1
fn=bcmp
0 43 5 5 11 1 1 0 0 0 14 3 0 0
fn=brk
0 35 3 3 5 0 0 3 0 0 6 0 0 0
fn=btowc
0 9216 5 5 2944 4 0 1280 0 0 1664 13 128 1
fn=call_init.part.0
0 380 5 5 121 22 0 58 0 0 46 12 21 21
fn=calloc
0 136 2 2 17 0 0 0 0 0 17 14 17 1
fn=ceil
0 5 1 1 3 0 0 0 0 0 1 1 0 0
fn=ceilf
0 5 2 2 3 0 0 0 0 0 1 1 0 0
fn=check_match
0 112403 6 6 38185 360 202 12752 20 1 16982 80 0 0
fn=clock
0 50 2 2 12 0 0 4 0 0 4 0 0 0
fn=clock_gettime
0 34 2 2 10 1 0 6 0 0 4 3 2 1
fn=close
0 30 1 1 6 0 0 0 0 0 6 0 0 0
fn=cos
0 8 1 1 3 0 0 0 0 0 2 1 0 0
fn=dl_main
0 1232 71 71 300 45 22 139 19 19 268 101 1 1
fn=do_lookup_x
0 605793 37 36 193149 3843 815 89688 12 0 89788 5649 249 6
fn=do_preload
0 28 3 3 8 0 0 8 0 0 1 0 1 1
fn=dso_name_valid_for_suid
0 14 2 2 5 0 0 2 0 0 1 0 0 0
fn=exit
0 5 2 2 0 0 0 1 0 0 0 0 0 0
fn=expand_dynamic_string_token
0 24 2 2 6 0 0 7 0 0 1 0 0 0
fn=fflush
0 300 5 5 108 3 0 30 0 0 60 11 6 1
fn=floor
0 5 1 1 3 0 0 0 0 0 1 1 0 0
fn=floorf
0 5 1 1 3 0 0 0 0 0 1 1 0 0
fn=free
0 38 3 3 10 2 0 0 0 0 10 5 0 0
fn=fwrite
0 221 6 6 69 5 2 28 0 0 38 16 3 1
fn=get_common_indeces.constprop.1
0 64 5 5 8 1 1 15 0 0 9 1 0 0
fn=gettimeofday
0 60 3 3 5 0 0 4 0 0 5 3 0 0
fn=handle_intel
0 162 5 5 30 0 0 42 0 0 15 3 0 0
fn=handle_ld_preload
0 47 2 2 9 0 0 10 1 1 4 1 0 0
fn=index
0 602 6 6 75 6 6 0 0 0 39 15 0 0
fn=init_cacheinfo
0 238 14 14 14 1 0 19 3 3 45 12 0 0
fn=init_tls
0 97 6 6 22 6 1 14 1 1 20 9 1 1
fn=intel_check_word
0 1317 9 9 123 6 6 18 0 0 358 70 0 0
fn=main
0 82 6 6 12 2 0 24 0 0 2 2 0 0
fn=malloc
0 943 17 11 182 12 1 138 0 0 166 48 1 1
fn=malloc_consolidate
0 127 8 7 45 0 0 9 0 0 36 9 0 0
fn=malloc_hook_ini
0 11 2 2 3 1 1 3 0 0 1 1 0 0
fn=malloc_init_state
0 648 2 2 2 0 0 257 33 32 128 8 0 0
fn=map_doit
0 14 1 1 5 0 0 3 0 0 0 0 0 0
fn=match_symbol
0 3023 5 5 1137 43 41 243 0 0 840 37 0 0
fn=memcpy
0 509 7 6 141 8 7 102 24 24 113 34 0 0
fn=memcpy@@GLIBC_2.14
0 13 3 3 6 0 0 0 0 0 4 1 0 0
fn=memcpy@GLIBC_2.2.5
0 4 0 0 0 0 0 0 0 0 2 2 0 0
fn=memmove
0 13 3 3 6 0 0 0 0 0 4 1 0 0
fn=mempcpy
0 33 1 1 0 0 0 0 0 0 0 0 0 0
fn=memset
0 776 6 4 19 0 0 326 72 72 120 53 0 0
fn=mmap
0 524 2 2 117 0 0 96 6 6 46 12 0 0
fn=mprotect
0 60 1 1 12 0 0 0 0 0 12 0 0 0
fn=munmap
0 5 0 0 1 0 0 0 0 0 1 0 0 0
fn=new_do_write
0 57 5 5 17 0 0 13 0 0 7 3 1 1
fn=newlocale
0 43 7 7 12 0 0 7 0 0 8 4 0 0
fn=open
0 30 1 1 6 0 0 0 0 0 6 0 0 0
fn=open_verify.constprop.7
0 904 15 15 236 17 17 70 2 2 183 45 0 0
fn=openaux
0 204 1 1 96 0 0 36 0 0 0 0 0 0
fn=ptmalloc_init.part.9
0 467 8 8 157 43 1 11 2 0 146 22 0 0
fn=read
0 25 0 0 5 0 0 0 0 0 5 0 0 0
fn=rindex
0 54 4 4 5 2 0 0 0 0 4 0 0 0
fn=rint
0 5 2 2 3 0 0 0 0 0 1 1 0 0
fn=rintf
0 5 1 1 3 0 0 0 0 0 1 1 0 0
fn=rtld_lock_default_lock_recursive
0 260 1 1 260 4 1 0 0 0 0 0 0 0
fn=rtld_lock_default_unlock_recursive
0 260 0 0 260 1 0 0 0 0 0 0 0 0
fn=sbrk
0 65 4 4 19 3 2 10 0 0 12 6 0 0
fn=sin
0 8 1 1 3 0 0 0 0 0 2 1 0 0
fn=solve(std::__cxx11::basic_string<char, std::char_traits<char>, std::allocator<char> >, std::__cxx11::basic_string<char, std::char_traits<char>, std::allocator<char> >)
0 7 0 0 2 0 0 3 0 0 0 0 0 0
fn=strcasecmp
0 5 2 2 3 0 0 0 0 0 1 1 0 0
fn=strcmp
0 95384 71 57 21364 225 73 0 0 0 11221 688 143 95
fn=strcspn
0 224 5 5 103 0 0 34 4 4 84 14 0 0
fn=strdup
0 85 1 1 15 0 0 20 0 0 5 0 5 1
fn=strlen
0 1904 9 9 254 9 7 0 0 0 210 20 0 0
fn=strncasecmp
0 5 2 2 3 1 0 0 0 0 1 1 0 0
fn=strpbrk
0 6 2 2 3 0 0 0 0 0 1 0 0 0
fn=strspn
0 6 2 2 3 1 0 0 0 0 1 0 0 0
fn=sysmalloc
0 156 19 19 35 5 0 28 2 2 22 14 2 2
fn=time
0 60 3 3 5 1 1 4 0 0 5 3 0 0
fn=uname
0 5 1 1 1 0 0 0 0 0 1 0 0 0
fn=uselocale
0 42 2 2 18 5 0 8 0 0 2 0 0 0
fn=version_check_doit
0 10 1 1 4 0 0 2 0 0 1 1 0 0
fn=wctob
0 3200 2 2 1152 0 0 768 0 0 384 0 0 0
fn=wctype_l
0 1026 2 2 158 4 0 177 0 0 155 16 0 0
fn=write
0 2 1 1 1 0 0 0 0 0 1 0 0 0
summary: 2254127 1628 1555 536159 13958 7820 197969 2225 1419 326411 14197 5100 580
